[03/19/24 09:12:15] crowsnest: crowsnest - A webcam Service for multiple Cams and Stream Services.
[03/19/24 09:12:16] crowsnest: Version: v4.1.6-1-ge96cd46
[03/19/24 09:12:16] crowsnest: Prepare Startup ...
[03/19/24 09:12:16] crowsnest: INFO: Host information:
[03/19/24 09:12:16] crowsnest: Host Info: Distribution: BTT-CB1 2.3.4 Bullseye
[03/19/24 09:12:16] crowsnest: Host Info: Kernel: Linux 5.16.17-sun50iw9 aarch64
[03/19/24 09:12:16] crowsnest: Host Info: Available CPU Cores: 4
[03/19/24 09:12:16] crowsnest: Host Info: Available Memory: 1010636 kB
[03/19/24 09:12:16] crowsnest: Host Info: Diskspace (avail. / total): 643M / 4.7G
[03/19/24 09:12:16] crowsnest: INFO: Checking Dependencies
[03/19/24 09:12:16] crowsnest: Dependency: 'crudini' found in /usr/bin/crudini.
[03/19/24 09:12:16] crowsnest: Dependency: 'find' found in /usr/bin/find.
[03/19/24 09:12:16] crowsnest: Dependency: 'xargs' found in /usr/bin/xargs.
[03/19/24 09:12:16] crowsnest: Dependency: 'ustreamer.bin' found in bin/ustreamer/ustreamer.bin.
[03/19/24 09:12:17] crowsnest: Version Control: ustreamer new version available: 8f0acb2 (v5.57).
[03/19/24 09:12:17] crowsnest: INFO: Print Configfile: '/home/biqu/printer_data/config/crowsnest.conf'
[03/19/24 09:12:17] crowsnest:		[crowsnest]
[03/19/24 09:12:17] crowsnest:		log_path: /home/biqu/printer_data/logs/crowsnest.log
[03/19/24 09:12:17] crowsnest:		log_level: verbose
[03/19/24 09:12:17] crowsnest:		delete_log: false
[03/19/24 09:12:17] crowsnest:		no_proxy: false
[03/19/24 09:12:17] crowsnest:		
[03/19/24 09:12:17] crowsnest:		[cam 1]
[03/19/24 09:12:17] crowsnest:		mode: ustreamer
[03/19/24 09:12:17] crowsnest:		
[03/19/24 09:12:17] crowsnest:		enable_rtsp: false
[03/19/24 09:12:17] crowsnest:		rtsp_port: 8554
[03/19/24 09:12:17] crowsnest:		port: 8080
[03/19/24 09:12:17] crowsnest:		device: /dev/video0
[03/19/24 09:12:17] crowsnest:		resolution: 640x480
[03/19/24 09:12:17] crowsnest:		max_fps: 15
[03/19/24 09:12:17] crowsnest: INFO: Detect available Devices
[03/19/24 09:12:17] crowsnest: INFO: Found 1 total available Device(s)
[03/19/24 09:12:17] crowsnest: INFO: Found 1 available v4l2 (UVC) camera(s)
[03/19/24 09:12:17] crowsnest: /dev/v4l/by-id/usb-046d_0825_3B1FA320-video-index0 -> /dev/video0
[03/19/24 09:12:17] crowsnest: Supported Formats:
[03/19/24 09:12:17] crowsnest:		[0]: 'YUYV' (YUYV 4:2:2)
[03/19/24 09:12:17] crowsnest:		Size: Discrete 640x480
[03/19/24 09:12:17] crowsnest:		Interval: Discrete 0.033s (30.000 fps)
[03/19/24 09:12:17] crowsnest:		Interval: Discrete 0.040s (25.000 fps)
[03/19/24 09:12:17] crowsnest:		Interval: Discrete 0.050s (20.000 fps)
[03/19/24 09:12:17] crowsnest:		Interval: Discrete 0.067s (15.000 fps)
[03/19/24 09:12:17] crowsnest:		Interval: Discrete 0.100s (10.000 fps)
[03/19/24 09:12:17] crowsnest:		Interval: Discrete 0.200s (5.000 fps)
[03/19/24 09:12:17] crowsnest:		Size: Discrete 160x120
[03/19/24 09:12:17] crowsnest:		Interval: Discrete 0.033s (30.000 fps)
[03/19/24 09:12:17] crowsnest:		Interval: Discrete 0.040s (25.000 fps)
[03/19/24 09:12:17] crowsnest:		Interval: Discrete 0.050s (20.000 fps)
[03/19/24 09:12:17] crowsnest:		Interval: Discrete 0.067s (15.000 fps)
[03/19/24 09:12:17] crowsnest:		Interval: Discrete 0.100s (10.000 fps)
[03/19/24 09:12:17] crowsnest:		Interval: Discrete 0.200s (5.000 fps)
[03/19/24 09:12:17] crowsnest:		Size: Discrete 176x144
[03/19/24 09:12:17] crowsnest:		Interval: Discrete 0.033s (30.000 fps)
[03/19/24 09:12:17] crowsnest:		Interval: Discrete 0.040s (25.000 fps)
[03/19/24 09:12:17] crowsnest:		Interval: Discrete 0.050s (20.000 fps)
[03/19/24 09:12:17] crowsnest:		Interval: Discrete 0.067s (15.000 fps)
[03/19/24 09:12:17] crowsnest:		Interval: Discrete 0.100s (10.000 fps)
[03/19/24 09:12:17] crowsnest:		Interval: Discrete 0.200s (5.000 fps)
[03/19/24 09:12:17] crowsnest:		Size: Discrete 320x176
[03/19/24 09:12:17] crowsnest:		Interval: Discrete 0.033s (30.000 fps)
[03/19/24 09:12:17] crowsnest:		Interval: Discrete 0.040s (25.000 fps)
[03/19/24 09:12:17] crowsnest:		Interval: Discrete 0.050s (20.000 fps)
[03/19/24 09:12:17] crowsnest:		Interval: Discrete 0.067s (15.000 fps)
[03/19/24 09:12:17] crowsnest:		Interval: Discrete 0.100s (10.000 fps)
[03/19/24 09:12:17] crowsnest:		Interval: Discrete 0.200s (5.000 fps)
[03/19/24 09:12:17] crowsnest:		Size: Discrete 320x240
[03/19/24 09:12:17] crowsnest:		Interval: Discrete 0.033s (30.000 fps)
[03/19/24 09:12:17] crowsnest:		Interval: Discrete 0.040s (25.000 fps)
[03/19/24 09:12:17] crowsnest:		Interval: Discrete 0.050s (20.000 fps)
[03/19/24 09:12:17] crowsnest:		Interval: Discrete 0.067s (15.000 fps)
[03/19/24 09:12:17] crowsnest:		Interval: Discrete 0.100s (10.000 fps)
[03/19/24 09:12:17] crowsnest:		Interval: Discrete 0.200s (5.000 fps)
[03/19/24 09:12:17] crowsnest:		Size: Discrete 352x288
[03/19/24 09:12:17] crowsnest:		Interval: Discrete 0.033s (30.000 fps)
[03/19/24 09:12:17] crowsnest:		Interval: Discrete 0.040s (25.000 fps)
[03/19/24 09:12:17] crowsnest:		Interval: Discrete 0.050s (20.000 fps)
[03/19/24 09:12:17] crowsnest:		Interval: Discrete 0.067s (15.000 fps)
[03/19/24 09:12:17] crowsnest:		Interval: Discrete 0.100s (10.000 fps)
[03/19/24 09:12:17] crowsnest:		Interval: Discrete 0.200s (5.000 fps)
[03/19/24 09:12:17] crowsnest:		Size: Discrete 432x240
[03/19/24 09:12:17] crowsnest:		Interval: Discrete 0.033s (30.000 fps)
[03/19/24 09:12:17] crowsnest:		Interval: Discrete 0.040s (25.000 fps)
[03/19/24 09:12:17] crowsnest:		Interval: Discrete 0.050s (20.000 fps)
[03/19/24 09:12:17] crowsnest:		Interval: Discrete 0.067s (15.000 fps)
[03/19/24 09:12:17] crowsnest:		Interval: Discrete 0.100s (10.000 fps)
[03/19/24 09:12:17] crowsnest:		Interval: Discrete 0.200s (5.000 fps)
[03/19/24 09:12:17] crowsnest:		Size: Discrete 544x288
[03/19/24 09:12:17] crowsnest:		Interval: Discrete 0.033s (30.000 fps)
[03/19/24 09:12:17] crowsnest:		Interval: Discrete 0.040s (25.000 fps)
[03/19/24 09:12:17] crowsnest:		Interval: Discrete 0.050s (20.000 fps)
[03/19/24 09:12:17] crowsnest:		Interval: Discrete 0.067s (15.000 fps)
[03/19/24 09:12:17] crowsnest:		Interval: Discrete 0.100s (10.000 fps)
[03/19/24 09:12:17] crowsnest:		Interval: Discrete 0.200s (5.000 fps)
[03/19/24 09:12:17] crowsnest:		Size: Discrete 640x360
[03/19/24 09:12:17] crowsnest:		Interval: Discrete 0.033s (30.000 fps)
[03/19/24 09:12:17] crowsnest:		Interval: Discrete 0.040s (25.000 fps)
[03/19/24 09:12:17] crowsnest:		Interval: Discrete 0.050s (20.000 fps)
[03/19/24 09:12:17] crowsnest:		Interval: Discrete 0.067s (15.000 fps)
[03/19/24 09:12:17] crowsnest:		Interval: Discrete 0.100s (10.000 fps)
[03/19/24 09:12:17] crowsnest:		Interval: Discrete 0.200s (5.000 fps)
[03/19/24 09:12:17] crowsnest:		Size: Discrete 752x416
[03/19/24 09:12:17] crowsnest:		Interval: Discrete 0.040s (25.000 fps)
[03/19/24 09:12:17] crowsnest:		Interval: Discrete 0.050s (20.000 fps)
[03/19/24 09:12:17] crowsnest:		Interval: Discrete 0.067s (15.000 fps)
[03/19/24 09:12:17] crowsnest:		Interval: Discrete 0.100s (10.000 fps)
[03/19/24 09:12:17] crowsnest:		Interval: Discrete 0.200s (5.000 fps)
[03/19/24 09:12:17] crowsnest:		Size: Discrete 800x448
[03/19/24 09:12:17] crowsnest:		Interval: Discrete 0.050s (20.000 fps)
[03/19/24 09:12:17] crowsnest:		Interval: Discrete 0.067s (15.000 fps)
[03/19/24 09:12:17] crowsnest:		Interval: Discrete 0.100s (10.000 fps)
[03/19/24 09:12:17] crowsnest:		Interval: Discrete 0.200s (5.000 fps)
[03/19/24 09:12:17] crowsnest:		Size: Discrete 800x600
[03/19/24 09:12:17] crowsnest:		Interval: Discrete 0.050s (20.000 fps)
[03/19/24 09:12:17] crowsnest:		Interval: Discrete 0.067s (15.000 fps)
[03/19/24 09:12:17] crowsnest:		Interval: Discrete 0.100s (10.000 fps)
[03/19/24 09:12:17] crowsnest:		Interval: Discrete 0.200s (5.000 fps)
[03/19/24 09:12:17] crowsnest:		Size: Discrete 864x480
[03/19/24 09:12:17] crowsnest:		Interval: Discrete 0.050s (20.000 fps)
[03/19/24 09:12:17] crowsnest:		Interval: Discrete 0.067s (15.000 fps)
[03/19/24 09:12:17] crowsnest:		Interval: Discrete 0.100s (10.000 fps)
[03/19/24 09:12:17] crowsnest:		Interval: Discrete 0.200s (5.000 fps)
[03/19/24 09:12:17] crowsnest:		Size: Discrete 960x544
[03/19/24 09:12:17] crowsnest:		Interval: Discrete 0.067s (15.000 fps)
[03/19/24 09:12:17] crowsnest:		Interval: Discrete 0.100s (10.000 fps)
[03/19/24 09:12:17] crowsnest:		Interval: Discrete 0.200s (5.000 fps)
[03/19/24 09:12:17] crowsnest:		Size: Discrete 960x720
[03/19/24 09:12:17] crowsnest:		Interval: Discrete 0.100s (10.000 fps)
[03/19/24 09:12:17] crowsnest:		Interval: Discrete 0.200s (5.000 fps)
[03/19/24 09:12:17] crowsnest:		Size: Discrete 1024x576
[03/19/24 09:12:17] crowsnest:		Interval: Discrete 0.100s (10.000 fps)
[03/19/24 09:12:17] crowsnest:		Interval: Discrete 0.200s (5.000 fps)
[03/19/24 09:12:17] crowsnest:		Size: Discrete 1184x656
[03/19/24 09:12:17] crowsnest:		Interval: Discrete 0.100s (10.000 fps)
[03/19/24 09:12:17] crowsnest:		Interval: Discrete 0.200s (5.000 fps)
[03/19/24 09:12:17] crowsnest:		Size: Discrete 1280x720
[03/19/24 09:12:17] crowsnest:		Interval: Discrete 0.133s (7.500 fps)
[03/19/24 09:12:17] crowsnest:		Interval: Discrete 0.200s (5.000 fps)
[03/19/24 09:12:17] crowsnest:		Size: Discrete 1280x960
[03/19/24 09:12:17] crowsnest:		Interval: Discrete 0.133s (7.500 fps)
[03/19/24 09:12:17] crowsnest:		Interval: Discrete 0.200s (5.000 fps)
[03/19/24 09:12:17] crowsnest:		[1]: 'MJPG' (Motion-JPEG, compressed)
[03/19/24 09:12:17] crowsnest:		Size: Discrete 640x480
[03/19/24 09:12:17] crowsnest:		Interval: Discrete 0.033s (30.000 fps)
[03/19/24 09:12:17] crowsnest:		Interval: Discrete 0.040s (25.000 fps)
[03/19/24 09:12:17] crowsnest:		Interval: Discrete 0.050s (20.000 fps)
[03/19/24 09:12:17] crowsnest:		Interval: Discrete 0.067s (15.000 fps)
[03/19/24 09:12:17] crowsnest:		Interval: Discrete 0.100s (10.000 fps)
[03/19/24 09:12:17] crowsnest:		Interval: Discrete 0.200s (5.000 fps)
[03/19/24 09:12:17] crowsnest:		Size: Discrete 160x120
[03/19/24 09:12:17] crowsnest:		Interval: Discrete 0.033s (30.000 fps)
[03/19/24 09:12:17] crowsnest:		Interval: Discrete 0.040s (25.000 fps)
[03/19/24 09:12:17] crowsnest:		Interval: Discrete 0.050s (20.000 fps)
[03/19/24 09:12:17] crowsnest:		Interval: Discrete 0.067s (15.000 fps)
[03/19/24 09:12:17] crowsnest:		Interval: Discrete 0.100s (10.000 fps)
[03/19/24 09:12:17] crowsnest:		Interval: Discrete 0.200s (5.000 fps)
[03/19/24 09:12:17] crowsnest:		Size: Discrete 176x144
[03/19/24 09:12:17] crowsnest:		Interval: Discrete 0.033s (30.000 fps)
[03/19/24 09:12:17] crowsnest:		Interval: Discrete 0.040s (25.000 fps)
[03/19/24 09:12:17] crowsnest:		Interval: Discrete 0.050s (20.000 fps)
[03/19/24 09:12:17] crowsnest:		Interval: Discrete 0.067s (15.000 fps)
[03/19/24 09:12:17] crowsnest:		Interval: Discrete 0.100s (10.000 fps)
[03/19/24 09:12:17] crowsnest:		Interval: Discrete 0.200s (5.000 fps)
[03/19/24 09:12:17] crowsnest:		Size: Discrete 320x176
[03/19/24 09:12:17] crowsnest:		Interval: Discrete 0.033s (30.000 fps)
[03/19/24 09:12:17] crowsnest:		Interval: Discrete 0.040s (25.000 fps)
[03/19/24 09:12:17] crowsnest:		Interval: Discrete 0.050s (20.000 fps)
[03/19/24 09:12:17] crowsnest:		Interval: Discrete 0.067s (15.000 fps)
[03/19/24 09:12:17] crowsnest:		Interval: Discrete 0.100s (10.000 fps)
[03/19/24 09:12:17] crowsnest:		Interval: Discrete 0.200s (5.000 fps)
[03/19/24 09:12:17] crowsnest:		Size: Discrete 320x240
[03/19/24 09:12:17] crowsnest:		Interval: Discrete 0.033s (30.000 fps)
[03/19/24 09:12:17] crowsnest:		Interval: Discrete 0.040s (25.000 fps)
[03/19/24 09:12:17] crowsnest:		Interval: Discrete 0.050s (20.000 fps)
[03/19/24 09:12:17] crowsnest:		Interval: Discrete 0.067s (15.000 fps)
[03/19/24 09:12:17] crowsnest:		Interval: Discrete 0.100s (10.000 fps)
[03/19/24 09:12:17] crowsnest:		Interval: Discrete 0.200s (5.000 fps)
[03/19/24 09:12:17] crowsnest:		Size: Discrete 352x288
[03/19/24 09:12:17] crowsnest:		Interval: Discrete 0.033s (30.000 fps)
[03/19/24 09:12:17] crowsnest:		Interval: Discrete 0.040s (25.000 fps)
[03/19/24 09:12:17] crowsnest:		Interval: Discrete 0.050s (20.000 fps)
[03/19/24 09:12:17] crowsnest:		Interval: Discrete 0.067s (15.000 fps)
[03/19/24 09:12:17] crowsnest:		Interval: Discrete 0.100s (10.000 fps)
[03/19/24 09:12:17] crowsnest:		Interval: Discrete 0.200s (5.000 fps)
[03/19/24 09:12:17] crowsnest:		Size: Discrete 432x240
[03/19/24 09:12:17] crowsnest:		Interval: Discrete 0.033s (30.000 fps)
[03/19/24 09:12:17] crowsnest:		Interval: Discrete 0.040s (25.000 fps)
[03/19/24 09:12:17] crowsnest:		Interval: Discrete 0.050s (20.000 fps)
[03/19/24 09:12:17] crowsnest:		Interval: Discrete 0.067s (15.000 fps)
[03/19/24 09:12:17] crowsnest:		Interval: Discrete 0.100s (10.000 fps)
[03/19/24 09:12:17] crowsnest:		Interval: Discrete 0.200s (5.000 fps)
[03/19/24 09:12:17] crowsnest:		Size: Discrete 544x288
[03/19/24 09:12:17] crowsnest:		Interval: Discrete 0.033s (30.000 fps)
[03/19/24 09:12:17] crowsnest:		Interval: Discrete 0.040s (25.000 fps)
[03/19/24 09:12:17] crowsnest:		Interval: Discrete 0.050s (20.000 fps)
[03/19/24 09:12:17] crowsnest:		Interval: Discrete 0.067s (15.000 fps)
[03/19/24 09:12:17] crowsnest:		Interval: Discrete 0.100s (10.000 fps)
[03/19/24 09:12:17] crowsnest:		Interval: Discrete 0.200s (5.000 fps)
[03/19/24 09:12:17] crowsnest:		Size: Discrete 640x360
[03/19/24 09:12:17] crowsnest:		Interval: Discrete 0.033s (30.000 fps)
[03/19/24 09:12:17] crowsnest:		Interval: Discrete 0.040s (25.000 fps)
[03/19/24 09:12:17] crowsnest:		Interval: Discrete 0.050s (20.000 fps)
[03/19/24 09:12:17] crowsnest:		Interval: Discrete 0.067s (15.000 fps)
[03/19/24 09:12:17] crowsnest:		Interval: Discrete 0.100s (10.000 fps)
[03/19/24 09:12:17] crowsnest:		Interval: Discrete 0.200s (5.000 fps)
[03/19/24 09:12:17] crowsnest:		Size: Discrete 752x416
[03/19/24 09:12:17] crowsnest:		Interval: Discrete 0.033s (30.000 fps)
[03/19/24 09:12:17] crowsnest:		Interval: Discrete 0.040s (25.000 fps)
[03/19/24 09:12:17] crowsnest:		Interval: Discrete 0.050s (20.000 fps)
[03/19/24 09:12:17] crowsnest:		Interval: Discrete 0.067s (15.000 fps)
[03/19/24 09:12:17] crowsnest:		Interval: Discrete 0.100s (10.000 fps)
[03/19/24 09:12:17] crowsnest:		Interval: Discrete 0.200s (5.000 fps)
[03/19/24 09:12:17] crowsnest:		Size: Discrete 800x448
[03/19/24 09:12:17] crowsnest:		Interval: Discrete 0.033s (30.000 fps)
[03/19/24 09:12:17] crowsnest:		Interval: Discrete 0.040s (25.000 fps)
[03/19/24 09:12:17] crowsnest:		Interval: Discrete 0.050s (20.000 fps)
[03/19/24 09:12:17] crowsnest:		Interval: Discrete 0.067s (15.000 fps)
[03/19/24 09:12:17] crowsnest:		Interval: Discrete 0.100s (10.000 fps)
[03/19/24 09:12:17] crowsnest:		Interval: Discrete 0.200s (5.000 fps)
[03/19/24 09:12:17] crowsnest:		Size: Discrete 800x600
[03/19/24 09:12:17] crowsnest:		Interval: Discrete 0.033s (30.000 fps)
[03/19/24 09:12:17] crowsnest:		Interval: Discrete 0.040s (25.000 fps)
[03/19/24 09:12:17] crowsnest:		Interval: Discrete 0.050s (20.000 fps)
[03/19/24 09:12:17] crowsnest:		Interval: Discrete 0.067s (15.000 fps)
[03/19/24 09:12:17] crowsnest:		Interval: Discrete 0.100s (10.000 fps)
[03/19/24 09:12:17] crowsnest:		Interval: Discrete 0.200s (5.000 fps)
[03/19/24 09:12:17] crowsnest:		Size: Discrete 864x480
[03/19/24 09:12:17] crowsnest:		Interval: Discrete 0.033s (30.000 fps)
[03/19/24 09:12:17] crowsnest:		Interval: Discrete 0.040s (25.000 fps)
[03/19/24 09:12:17] crowsnest:		Interval: Discrete 0.050s (20.000 fps)
[03/19/24 09:12:17] crowsnest:		Interval: Discrete 0.067s (15.000 fps)
[03/19/24 09:12:17] crowsnest:		Interval: Discrete 0.100s (10.000 fps)
[03/19/24 09:12:17] crowsnest:		Interval: Discrete 0.200s (5.000 fps)
[03/19/24 09:12:17] crowsnest:		Size: Discrete 960x544
[03/19/24 09:12:17] crowsnest:		Interval: Discrete 0.033s (30.000 fps)
[03/19/24 09:12:17] crowsnest:		Interval: Discrete 0.040s (25.000 fps)
[03/19/24 09:12:17] crowsnest:		Interval: Discrete 0.050s (20.000 fps)
[03/19/24 09:12:17] crowsnest:		Interval: Discrete 0.067s (15.000 fps)
[03/19/24 09:12:17] crowsnest:		Interval: Discrete 0.100s (10.000 fps)
[03/19/24 09:12:17] crowsnest:		Interval: Discrete 0.200s (5.000 fps)
[03/19/24 09:12:17] crowsnest:		Size: Discrete 960x720
[03/19/24 09:12:17] crowsnest:		Interval: Discrete 0.033s (30.000 fps)
[03/19/24 09:12:17] crowsnest:		Interval: Discrete 0.040s (25.000 fps)
[03/19/24 09:12:17] crowsnest:		Interval: Discrete 0.050s (20.000 fps)
[03/19/24 09:12:17] crowsnest:		Interval: Discrete 0.067s (15.000 fps)
[03/19/24 09:12:17] crowsnest:		Interval: Discrete 0.100s (10.000 fps)
[03/19/24 09:12:17] crowsnest:		Interval: Discrete 0.200s (5.000 fps)
[03/19/24 09:12:17] crowsnest:		Size: Discrete 1024x576
[03/19/24 09:12:17] crowsnest:		Interval: Discrete 0.033s (30.000 fps)
[03/19/24 09:12:17] crowsnest:		Interval: Discrete 0.040s (25.000 fps)
[03/19/24 09:12:17] crowsnest:		Interval: Discrete 0.050s (20.000 fps)
[03/19/24 09:12:17] crowsnest:		Interval: Discrete 0.067s (15.000 fps)
[03/19/24 09:12:17] crowsnest:		Interval: Discrete 0.100s (10.000 fps)
[03/19/24 09:12:17] crowsnest:		Interval: Discrete 0.200s (5.000 fps)
[03/19/24 09:12:17] crowsnest:		Size: Discrete 1184x656
[03/19/24 09:12:17] crowsnest:		Interval: Discrete 0.033s (30.000 fps)
[03/19/24 09:12:17] crowsnest:		Interval: Discrete 0.040s (25.000 fps)
[03/19/24 09:12:17] crowsnest:		Interval: Discrete 0.050s (20.000 fps)
[03/19/24 09:12:17] crowsnest:		Interval: Discrete 0.067s (15.000 fps)
[03/19/24 09:12:17] crowsnest:		Interval: Discrete 0.100s (10.000 fps)
[03/19/24 09:12:17] crowsnest:		Interval: Discrete 0.200s (5.000 fps)
[03/19/24 09:12:17] crowsnest:		Size: Discrete 1280x720
[03/19/24 09:12:17] crowsnest:		Interval: Discrete 0.033s (30.000 fps)
[03/19/24 09:12:17] crowsnest:		Interval: Discrete 0.040s (25.000 fps)
[03/19/24 09:12:17] crowsnest:		Interval: Discrete 0.050s (20.000 fps)
[03/19/24 09:12:17] crowsnest:		Interval: Discrete 0.067s (15.000 fps)
[03/19/24 09:12:17] crowsnest:		Interval: Discrete 0.100s (10.000 fps)
[03/19/24 09:12:17] crowsnest:		Interval: Discrete 0.200s (5.000 fps)
[03/19/24 09:12:17] crowsnest:		Size: Discrete 1280x960
[03/19/24 09:12:17] crowsnest:		Interval: Discrete 0.033s (30.000 fps)
[03/19/24 09:12:17] crowsnest:		Interval: Discrete 0.040s (25.000 fps)
[03/19/24 09:12:17] crowsnest:		Interval: Discrete 0.050s (20.000 fps)
[03/19/24 09:12:17] crowsnest:		Interval: Discrete 0.067s (15.000 fps)
[03/19/24 09:12:17] crowsnest:		Interval: Discrete 0.100s (10.000 fps)
[03/19/24 09:12:17] crowsnest:		Interval: Discrete 0.200s (5.000 fps)
[03/19/24 09:12:18] crowsnest: Supported Controls:
[03/19/24 09:12:18] crowsnest:		
[03/19/24 09:12:18] crowsnest:		User Controls
[03/19/24 09:12:18] crowsnest:		
[03/19/24 09:12:18] crowsnest:		brightness 0x00980900 (int)    : min=0 max=255 step=1 default=128 value=128
[03/19/24 09:12:18] crowsnest:		contrast 0x00980901 (int)    : min=0 max=255 step=1 default=32 value=32
[03/19/24 09:12:18] crowsnest:		saturation 0x00980902 (int)    : min=0 max=255 step=1 default=32 value=32
[03/19/24 09:12:18] crowsnest:		white_balance_automatic 0x0098090c (bool)   : default=1 value=1
[03/19/24 09:12:18] crowsnest:		gain 0x00980913 (int)    : min=0 max=255 step=1 default=64 value=64
[03/19/24 09:12:18] crowsnest:		power_line_frequency 0x00980918 (menu)   : min=0 max=2 default=2 value=2
[03/19/24 09:12:18] crowsnest:		0: Disabled
[03/19/24 09:12:18] crowsnest:		1: 50 Hz
[03/19/24 09:12:18] crowsnest:		2: 60 Hz
[03/19/24 09:12:18] crowsnest:		white_balance_temperature 0x0098091a (int)    : min=0 max=10000 step=10 default=4000 value=4000 flags=inactive
[03/19/24 09:12:18] crowsnest:		sharpness 0x0098091b (int)    : min=0 max=255 step=1 default=24 value=24
[03/19/24 09:12:18] crowsnest:		backlight_compensation 0x0098091c (int)    : min=0 max=1 step=1 default=0 value=0
[03/19/24 09:12:18] crowsnest:		
[03/19/24 09:12:18] crowsnest:		Camera Controls
[03/19/24 09:12:18] crowsnest:		
[03/19/24 09:12:18] crowsnest:		auto_exposure 0x009a0901 (menu)   : min=0 max=3 default=3 value=3
[03/19/24 09:12:18] crowsnest:		1: Manual Mode
[03/19/24 09:12:18] crowsnest:		3: Aperture Priority Mode
[03/19/24 09:12:18] crowsnest:		exposure_time_absolute 0x009a0902 (int)    : min=1 max=10000 step=1 default=166 value=166 flags=inactive
[03/19/24 09:12:18] crowsnest:		exposure_dynamic_framerate 0x009a0903 (bool)   : default=0 value=1
[03/19/24 09:12:18] crowsnest: Try to start configured Cams / Services...
[03/19/24 09:12:21] crowsnest: INFO: Configuration of Section [cam 1] looks good. Continue ...
[03/19/24 09:12:23] crowsnest: V4L2 Control: No parameters set for [cam 1]. Skipped.
[03/19/24 09:12:26] crowsnest: Starting ustreamer with Device /dev/video0 ...
[03/19/24 09:12:28] crowsnest:  ... Done!
[03/19/24 09:17:09] crowsnest: crowsnest - A webcam Service for multiple Cams and Stream Services.
[03/19/24 09:17:09] crowsnest: Version: v4.1.6-1-ge96cd46
[03/19/24 09:17:09] crowsnest: Prepare Startup ...
[03/19/24 09:17:09] crowsnest: INFO: Host information:
[03/19/24 09:17:09] crowsnest: Host Info: Distribution: BTT-CB1 2.3.4 Bullseye
[03/19/24 09:17:09] crowsnest: Host Info: Kernel: Linux 5.16.17-sun50iw9 aarch64
[03/19/24 09:17:09] crowsnest: Host Info: Available CPU Cores: 4
[03/19/24 09:17:09] crowsnest: Host Info: Available Memory: 1010636 kB
[03/19/24 09:17:09] crowsnest: Host Info: Diskspace (avail. / total): 25G / 29G
[03/19/24 09:17:09] crowsnest: INFO: Checking Dependencies
[03/19/24 09:17:10] crowsnest: Dependency: 'crudini' found in /usr/bin/crudini.
[03/19/24 09:17:10] crowsnest: Dependency: 'find' found in /usr/bin/find.
[03/19/24 09:17:10] crowsnest: Dependency: 'xargs' found in /usr/bin/xargs.
[03/19/24 09:17:11] crowsnest: Dependency: 'ustreamer.bin' found in bin/ustreamer/ustreamer.bin.
[03/19/24 09:17:11] crowsnest: Version Control: ustreamer new version available: 8f0acb2 (v5.57).
[03/19/24 09:17:11] crowsnest: INFO: Print Configfile: '/home/biqu/printer_data/config/crowsnest.conf'
[03/19/24 09:17:11] crowsnest:		[crowsnest]
[03/19/24 09:17:11] crowsnest:		log_path: /home/biqu/printer_data/logs/crowsnest.log
[03/19/24 09:17:11] crowsnest:		log_level: verbose
[03/19/24 09:17:11] crowsnest:		delete_log: false
[03/19/24 09:17:11] crowsnest:		no_proxy: false
[03/19/24 09:17:11] crowsnest:		
[03/19/24 09:17:11] crowsnest:		[cam 1]
[03/19/24 09:17:11] crowsnest:		mode: ustreamer
[03/19/24 09:17:11] crowsnest:		
[03/19/24 09:17:11] crowsnest:		enable_rtsp: false
[03/19/24 09:17:11] crowsnest:		rtsp_port: 8554
[03/19/24 09:17:11] crowsnest:		port: 8080
[03/19/24 09:17:11] crowsnest:		device: /dev/video0
[03/19/24 09:17:11] crowsnest:		resolution: 640x480
[03/19/24 09:17:11] crowsnest:		max_fps: 15
[03/19/24 09:17:11] crowsnest: INFO: Detect available Devices
[03/19/24 09:17:11] crowsnest: INFO: Found 1 total available Device(s)
[03/19/24 09:17:11] crowsnest: INFO: Found 1 available v4l2 (UVC) camera(s)
[03/19/24 09:17:11] crowsnest: /dev/v4l/by-id/usb-046d_0825_3B1FA320-video-index0 -> /dev/video0
[03/19/24 09:17:11] crowsnest: Supported Formats:
[03/19/24 09:17:11] crowsnest:		[0]: 'YUYV' (YUYV 4:2:2)
[03/19/24 09:17:11] crowsnest:		Size: Discrete 640x480
[03/19/24 09:17:11] crowsnest:		Interval: Discrete 0.033s (30.000 fps)
[03/19/24 09:17:11] crowsnest:		Interval: Discrete 0.040s (25.000 fps)
[03/19/24 09:17:11] crowsnest:		Interval: Discrete 0.050s (20.000 fps)
[03/19/24 09:17:11] crowsnest:		Interval: Discrete 0.067s (15.000 fps)
[03/19/24 09:17:11] crowsnest:		Interval: Discrete 0.100s (10.000 fps)
[03/19/24 09:17:11] crowsnest:		Interval: Discrete 0.200s (5.000 fps)
[03/19/24 09:17:11] crowsnest:		Size: Discrete 160x120
[03/19/24 09:17:11] crowsnest:		Interval: Discrete 0.033s (30.000 fps)
[03/19/24 09:17:11] crowsnest:		Interval: Discrete 0.040s (25.000 fps)
[03/19/24 09:17:11] crowsnest:		Interval: Discrete 0.050s (20.000 fps)
[03/19/24 09:17:11] crowsnest:		Interval: Discrete 0.067s (15.000 fps)
[03/19/24 09:17:11] crowsnest:		Interval: Discrete 0.100s (10.000 fps)
[03/19/24 09:17:11] crowsnest:		Interval: Discrete 0.200s (5.000 fps)
[03/19/24 09:17:11] crowsnest:		Size: Discrete 176x144
[03/19/24 09:17:11] crowsnest:		Interval: Discrete 0.033s (30.000 fps)
[03/19/24 09:17:11] crowsnest:		Interval: Discrete 0.040s (25.000 fps)
[03/19/24 09:17:11] crowsnest:		Interval: Discrete 0.050s (20.000 fps)
[03/19/24 09:17:11] crowsnest:		Interval: Discrete 0.067s (15.000 fps)
[03/19/24 09:17:11] crowsnest:		Interval: Discrete 0.100s (10.000 fps)
[03/19/24 09:17:11] crowsnest:		Interval: Discrete 0.200s (5.000 fps)
[03/19/24 09:17:11] crowsnest:		Size: Discrete 320x176
[03/19/24 09:17:11] crowsnest:		Interval: Discrete 0.033s (30.000 fps)
[03/19/24 09:17:11] crowsnest:		Interval: Discrete 0.040s (25.000 fps)
[03/19/24 09:17:11] crowsnest:		Interval: Discrete 0.050s (20.000 fps)
[03/19/24 09:17:11] crowsnest:		Interval: Discrete 0.067s (15.000 fps)
[03/19/24 09:17:11] crowsnest:		Interval: Discrete 0.100s (10.000 fps)
[03/19/24 09:17:11] crowsnest:		Interval: Discrete 0.200s (5.000 fps)
[03/19/24 09:17:11] crowsnest:		Size: Discrete 320x240
[03/19/24 09:17:11] crowsnest:		Interval: Discrete 0.033s (30.000 fps)
[03/19/24 09:17:11] crowsnest:		Interval: Discrete 0.040s (25.000 fps)
[03/19/24 09:17:11] crowsnest:		Interval: Discrete 0.050s (20.000 fps)
[03/19/24 09:17:11] crowsnest:		Interval: Discrete 0.067s (15.000 fps)
[03/19/24 09:17:11] crowsnest:		Interval: Discrete 0.100s (10.000 fps)
[03/19/24 09:17:11] crowsnest:		Interval: Discrete 0.200s (5.000 fps)
[03/19/24 09:17:11] crowsnest:		Size: Discrete 352x288
[03/19/24 09:17:11] crowsnest:		Interval: Discrete 0.033s (30.000 fps)
[03/19/24 09:17:11] crowsnest:		Interval: Discrete 0.040s (25.000 fps)
[03/19/24 09:17:11] crowsnest:		Interval: Discrete 0.050s (20.000 fps)
[03/19/24 09:17:11] crowsnest:		Interval: Discrete 0.067s (15.000 fps)
[03/19/24 09:17:11] crowsnest:		Interval: Discrete 0.100s (10.000 fps)
[03/19/24 09:17:11] crowsnest:		Interval: Discrete 0.200s (5.000 fps)
[03/19/24 09:17:11] crowsnest:		Size: Discrete 432x240
[03/19/24 09:17:11] crowsnest:		Interval: Discrete 0.033s (30.000 fps)
[03/19/24 09:17:11] crowsnest:		Interval: Discrete 0.040s (25.000 fps)
[03/19/24 09:17:11] crowsnest:		Interval: Discrete 0.050s (20.000 fps)
[03/19/24 09:17:11] crowsnest:		Interval: Discrete 0.067s (15.000 fps)
[03/19/24 09:17:11] crowsnest:		Interval: Discrete 0.100s (10.000 fps)
[03/19/24 09:17:11] crowsnest:		Interval: Discrete 0.200s (5.000 fps)
[03/19/24 09:17:11] crowsnest:		Size: Discrete 544x288
[03/19/24 09:17:11] crowsnest:		Interval: Discrete 0.033s (30.000 fps)
[03/19/24 09:17:11] crowsnest:		Interval: Discrete 0.040s (25.000 fps)
[03/19/24 09:17:11] crowsnest:		Interval: Discrete 0.050s (20.000 fps)
[03/19/24 09:17:11] crowsnest:		Interval: Discrete 0.067s (15.000 fps)
[03/19/24 09:17:11] crowsnest:		Interval: Discrete 0.100s (10.000 fps)
[03/19/24 09:17:11] crowsnest:		Interval: Discrete 0.200s (5.000 fps)
[03/19/24 09:17:11] crowsnest:		Size: Discrete 640x360
[03/19/24 09:17:11] crowsnest:		Interval: Discrete 0.033s (30.000 fps)
[03/19/24 09:17:11] crowsnest:		Interval: Discrete 0.040s (25.000 fps)
[03/19/24 09:17:11] crowsnest:		Interval: Discrete 0.050s (20.000 fps)
[03/19/24 09:17:11] crowsnest:		Interval: Discrete 0.067s (15.000 fps)
[03/19/24 09:17:11] crowsnest:		Interval: Discrete 0.100s (10.000 fps)
[03/19/24 09:17:11] crowsnest:		Interval: Discrete 0.200s (5.000 fps)
[03/19/24 09:17:11] crowsnest:		Size: Discrete 752x416
[03/19/24 09:17:11] crowsnest:		Interval: Discrete 0.040s (25.000 fps)
[03/19/24 09:17:11] crowsnest:		Interval: Discrete 0.050s (20.000 fps)
[03/19/24 09:17:11] crowsnest:		Interval: Discrete 0.067s (15.000 fps)
[03/19/24 09:17:11] crowsnest:		Interval: Discrete 0.100s (10.000 fps)
[03/19/24 09:17:11] crowsnest:		Interval: Discrete 0.200s (5.000 fps)
[03/19/24 09:17:11] crowsnest:		Size: Discrete 800x448
[03/19/24 09:17:11] crowsnest:		Interval: Discrete 0.050s (20.000 fps)
[03/19/24 09:17:11] crowsnest:		Interval: Discrete 0.067s (15.000 fps)
[03/19/24 09:17:11] crowsnest:		Interval: Discrete 0.100s (10.000 fps)
[03/19/24 09:17:11] crowsnest:		Interval: Discrete 0.200s (5.000 fps)
[03/19/24 09:17:11] crowsnest:		Size: Discrete 800x600
[03/19/24 09:17:11] crowsnest:		Interval: Discrete 0.050s (20.000 fps)
[03/19/24 09:17:11] crowsnest:		Interval: Discrete 0.067s (15.000 fps)
[03/19/24 09:17:11] crowsnest:		Interval: Discrete 0.100s (10.000 fps)
[03/19/24 09:17:11] crowsnest:		Interval: Discrete 0.200s (5.000 fps)
[03/19/24 09:17:11] crowsnest:		Size: Discrete 864x480
[03/19/24 09:17:11] crowsnest:		Interval: Discrete 0.050s (20.000 fps)
[03/19/24 09:17:11] crowsnest:		Interval: Discrete 0.067s (15.000 fps)
[03/19/24 09:17:11] crowsnest:		Interval: Discrete 0.100s (10.000 fps)
[03/19/24 09:17:11] crowsnest:		Interval: Discrete 0.200s (5.000 fps)
[03/19/24 09:17:11] crowsnest:		Size: Discrete 960x544
[03/19/24 09:17:11] crowsnest:		Interval: Discrete 0.067s (15.000 fps)
[03/19/24 09:17:11] crowsnest:		Interval: Discrete 0.100s (10.000 fps)
[03/19/24 09:17:11] crowsnest:		Interval: Discrete 0.200s (5.000 fps)
[03/19/24 09:17:11] crowsnest:		Size: Discrete 960x720
[03/19/24 09:17:11] crowsnest:		Interval: Discrete 0.100s (10.000 fps)
[03/19/24 09:17:11] crowsnest:		Interval: Discrete 0.200s (5.000 fps)
[03/19/24 09:17:11] crowsnest:		Size: Discrete 1024x576
[03/19/24 09:17:11] crowsnest:		Interval: Discrete 0.100s (10.000 fps)
[03/19/24 09:17:11] crowsnest:		Interval: Discrete 0.200s (5.000 fps)
[03/19/24 09:17:11] crowsnest:		Size: Discrete 1184x656
[03/19/24 09:17:11] crowsnest:		Interval: Discrete 0.100s (10.000 fps)
[03/19/24 09:17:11] crowsnest:		Interval: Discrete 0.200s (5.000 fps)
[03/19/24 09:17:11] crowsnest:		Size: Discrete 1280x720
[03/19/24 09:17:11] crowsnest:		Interval: Discrete 0.133s (7.500 fps)
[03/19/24 09:17:11] crowsnest:		Interval: Discrete 0.200s (5.000 fps)
[03/19/24 09:17:11] crowsnest:		Size: Discrete 1280x960
[03/19/24 09:17:11] crowsnest:		Interval: Discrete 0.133s (7.500 fps)
[03/19/24 09:17:11] crowsnest:		Interval: Discrete 0.200s (5.000 fps)
[03/19/24 09:17:11] crowsnest:		[1]: 'MJPG' (Motion-JPEG, compressed)
[03/19/24 09:17:11] crowsnest:		Size: Discrete 640x480
[03/19/24 09:17:11] crowsnest:		Interval: Discrete 0.033s (30.000 fps)
[03/19/24 09:17:11] crowsnest:		Interval: Discrete 0.040s (25.000 fps)
[03/19/24 09:17:11] crowsnest:		Interval: Discrete 0.050s (20.000 fps)
[03/19/24 09:17:11] crowsnest:		Interval: Discrete 0.067s (15.000 fps)
[03/19/24 09:17:11] crowsnest:		Interval: Discrete 0.100s (10.000 fps)
[03/19/24 09:17:11] crowsnest:		Interval: Discrete 0.200s (5.000 fps)
[03/19/24 09:17:11] crowsnest:		Size: Discrete 160x120
[03/19/24 09:17:11] crowsnest:		Interval: Discrete 0.033s (30.000 fps)
[03/19/24 09:17:11] crowsnest:		Interval: Discrete 0.040s (25.000 fps)
[03/19/24 09:17:11] crowsnest:		Interval: Discrete 0.050s (20.000 fps)
[03/19/24 09:17:11] crowsnest:		Interval: Discrete 0.067s (15.000 fps)
[03/19/24 09:17:11] crowsnest:		Interval: Discrete 0.100s (10.000 fps)
[03/19/24 09:17:11] crowsnest:		Interval: Discrete 0.200s (5.000 fps)
[03/19/24 09:17:11] crowsnest:		Size: Discrete 176x144
[03/19/24 09:17:11] crowsnest:		Interval: Discrete 0.033s (30.000 fps)
[03/19/24 09:17:11] crowsnest:		Interval: Discrete 0.040s (25.000 fps)
[03/19/24 09:17:11] crowsnest:		Interval: Discrete 0.050s (20.000 fps)
[03/19/24 09:17:11] crowsnest:		Interval: Discrete 0.067s (15.000 fps)
[03/19/24 09:17:11] crowsnest:		Interval: Discrete 0.100s (10.000 fps)
[03/19/24 09:17:11] crowsnest:		Interval: Discrete 0.200s (5.000 fps)
[03/19/24 09:17:11] crowsnest:		Size: Discrete 320x176
[03/19/24 09:17:11] crowsnest:		Interval: Discrete 0.033s (30.000 fps)
[03/19/24 09:17:11] crowsnest:		Interval: Discrete 0.040s (25.000 fps)
[03/19/24 09:17:11] crowsnest:		Interval: Discrete 0.050s (20.000 fps)
[03/19/24 09:17:11] crowsnest:		Interval: Discrete 0.067s (15.000 fps)
[03/19/24 09:17:11] crowsnest:		Interval: Discrete 0.100s (10.000 fps)
[03/19/24 09:17:11] crowsnest:		Interval: Discrete 0.200s (5.000 fps)
[03/19/24 09:17:11] crowsnest:		Size: Discrete 320x240
[03/19/24 09:17:11] crowsnest:		Interval: Discrete 0.033s (30.000 fps)
[03/19/24 09:17:11] crowsnest:		Interval: Discrete 0.040s (25.000 fps)
[03/19/24 09:17:11] crowsnest:		Interval: Discrete 0.050s (20.000 fps)
[03/19/24 09:17:11] crowsnest:		Interval: Discrete 0.067s (15.000 fps)
[03/19/24 09:17:11] crowsnest:		Interval: Discrete 0.100s (10.000 fps)
[03/19/24 09:17:11] crowsnest:		Interval: Discrete 0.200s (5.000 fps)
[03/19/24 09:17:11] crowsnest:		Size: Discrete 352x288
[03/19/24 09:17:11] crowsnest:		Interval: Discrete 0.033s (30.000 fps)
[03/19/24 09:17:11] crowsnest:		Interval: Discrete 0.040s (25.000 fps)
[03/19/24 09:17:11] crowsnest:		Interval: Discrete 0.050s (20.000 fps)
[03/19/24 09:17:11] crowsnest:		Interval: Discrete 0.067s (15.000 fps)
[03/19/24 09:17:11] crowsnest:		Interval: Discrete 0.100s (10.000 fps)
[03/19/24 09:17:11] crowsnest:		Interval: Discrete 0.200s (5.000 fps)
[03/19/24 09:17:11] crowsnest:		Size: Discrete 432x240
[03/19/24 09:17:11] crowsnest:		Interval: Discrete 0.033s (30.000 fps)
[03/19/24 09:17:11] crowsnest:		Interval: Discrete 0.040s (25.000 fps)
[03/19/24 09:17:11] crowsnest:		Interval: Discrete 0.050s (20.000 fps)
[03/19/24 09:17:11] crowsnest:		Interval: Discrete 0.067s (15.000 fps)
[03/19/24 09:17:11] crowsnest:		Interval: Discrete 0.100s (10.000 fps)
[03/19/24 09:17:11] crowsnest:		Interval: Discrete 0.200s (5.000 fps)
[03/19/24 09:17:11] crowsnest:		Size: Discrete 544x288
[03/19/24 09:17:11] crowsnest:		Interval: Discrete 0.033s (30.000 fps)
[03/19/24 09:17:11] crowsnest:		Interval: Discrete 0.040s (25.000 fps)
[03/19/24 09:17:11] crowsnest:		Interval: Discrete 0.050s (20.000 fps)
[03/19/24 09:17:11] crowsnest:		Interval: Discrete 0.067s (15.000 fps)
[03/19/24 09:17:11] crowsnest:		Interval: Discrete 0.100s (10.000 fps)
[03/19/24 09:17:11] crowsnest:		Interval: Discrete 0.200s (5.000 fps)
[03/19/24 09:17:11] crowsnest:		Size: Discrete 640x360
[03/19/24 09:17:11] crowsnest:		Interval: Discrete 0.033s (30.000 fps)
[03/19/24 09:17:11] crowsnest:		Interval: Discrete 0.040s (25.000 fps)
[03/19/24 09:17:11] crowsnest:		Interval: Discrete 0.050s (20.000 fps)
[03/19/24 09:17:11] crowsnest:		Interval: Discrete 0.067s (15.000 fps)
[03/19/24 09:17:11] crowsnest:		Interval: Discrete 0.100s (10.000 fps)
[03/19/24 09:17:11] crowsnest:		Interval: Discrete 0.200s (5.000 fps)
[03/19/24 09:17:11] crowsnest:		Size: Discrete 752x416
[03/19/24 09:17:11] crowsnest:		Interval: Discrete 0.033s (30.000 fps)
[03/19/24 09:17:11] crowsnest:		Interval: Discrete 0.040s (25.000 fps)
[03/19/24 09:17:11] crowsnest:		Interval: Discrete 0.050s (20.000 fps)
[03/19/24 09:17:11] crowsnest:		Interval: Discrete 0.067s (15.000 fps)
[03/19/24 09:17:11] crowsnest:		Interval: Discrete 0.100s (10.000 fps)
[03/19/24 09:17:11] crowsnest:		Interval: Discrete 0.200s (5.000 fps)
[03/19/24 09:17:11] crowsnest:		Size: Discrete 800x448
[03/19/24 09:17:11] crowsnest:		Interval: Discrete 0.033s (30.000 fps)
[03/19/24 09:17:11] crowsnest:		Interval: Discrete 0.040s (25.000 fps)
[03/19/24 09:17:11] crowsnest:		Interval: Discrete 0.050s (20.000 fps)
[03/19/24 09:17:11] crowsnest:		Interval: Discrete 0.067s (15.000 fps)
[03/19/24 09:17:11] crowsnest:		Interval: Discrete 0.100s (10.000 fps)
[03/19/24 09:17:11] crowsnest:		Interval: Discrete 0.200s (5.000 fps)
[03/19/24 09:17:11] crowsnest:		Size: Discrete 800x600
[03/19/24 09:17:11] crowsnest:		Interval: Discrete 0.033s (30.000 fps)
[03/19/24 09:17:11] crowsnest:		Interval: Discrete 0.040s (25.000 fps)
[03/19/24 09:17:11] crowsnest:		Interval: Discrete 0.050s (20.000 fps)
[03/19/24 09:17:11] crowsnest:		Interval: Discrete 0.067s (15.000 fps)
[03/19/24 09:17:11] crowsnest:		Interval: Discrete 0.100s (10.000 fps)
[03/19/24 09:17:11] crowsnest:		Interval: Discrete 0.200s (5.000 fps)
[03/19/24 09:17:11] crowsnest:		Size: Discrete 864x480
[03/19/24 09:17:11] crowsnest:		Interval: Discrete 0.033s (30.000 fps)
[03/19/24 09:17:11] crowsnest:		Interval: Discrete 0.040s (25.000 fps)
[03/19/24 09:17:11] crowsnest:		Interval: Discrete 0.050s (20.000 fps)
[03/19/24 09:17:11] crowsnest:		Interval: Discrete 0.067s (15.000 fps)
[03/19/24 09:17:11] crowsnest:		Interval: Discrete 0.100s (10.000 fps)
[03/19/24 09:17:11] crowsnest:		Interval: Discrete 0.200s (5.000 fps)
[03/19/24 09:17:11] crowsnest:		Size: Discrete 960x544
[03/19/24 09:17:11] crowsnest:		Interval: Discrete 0.033s (30.000 fps)
[03/19/24 09:17:11] crowsnest:		Interval: Discrete 0.040s (25.000 fps)
[03/19/24 09:17:11] crowsnest:		Interval: Discrete 0.050s (20.000 fps)
[03/19/24 09:17:11] crowsnest:		Interval: Discrete 0.067s (15.000 fps)
[03/19/24 09:17:11] crowsnest:		Interval: Discrete 0.100s (10.000 fps)
[03/19/24 09:17:11] crowsnest:		Interval: Discrete 0.200s (5.000 fps)
[03/19/24 09:17:11] crowsnest:		Size: Discrete 960x720
[03/19/24 09:17:11] crowsnest:		Interval: Discrete 0.033s (30.000 fps)
[03/19/24 09:17:11] crowsnest:		Interval: Discrete 0.040s (25.000 fps)
[03/19/24 09:17:11] crowsnest:		Interval: Discrete 0.050s (20.000 fps)
[03/19/24 09:17:11] crowsnest:		Interval: Discrete 0.067s (15.000 fps)
[03/19/24 09:17:11] crowsnest:		Interval: Discrete 0.100s (10.000 fps)
[03/19/24 09:17:11] crowsnest:		Interval: Discrete 0.200s (5.000 fps)
[03/19/24 09:17:11] crowsnest:		Size: Discrete 1024x576
[03/19/24 09:17:11] crowsnest:		Interval: Discrete 0.033s (30.000 fps)
[03/19/24 09:17:11] crowsnest:		Interval: Discrete 0.040s (25.000 fps)
[03/19/24 09:17:11] crowsnest:		Interval: Discrete 0.050s (20.000 fps)
[03/19/24 09:17:11] crowsnest:		Interval: Discrete 0.067s (15.000 fps)
[03/19/24 09:17:11] crowsnest:		Interval: Discrete 0.100s (10.000 fps)
[03/19/24 09:17:11] crowsnest:		Interval: Discrete 0.200s (5.000 fps)
[03/19/24 09:17:11] crowsnest:		Size: Discrete 1184x656
[03/19/24 09:17:11] crowsnest:		Interval: Discrete 0.033s (30.000 fps)
[03/19/24 09:17:11] crowsnest:		Interval: Discrete 0.040s (25.000 fps)
[03/19/24 09:17:11] crowsnest:		Interval: Discrete 0.050s (20.000 fps)
[03/19/24 09:17:11] crowsnest:		Interval: Discrete 0.067s (15.000 fps)
[03/19/24 09:17:11] crowsnest:		Interval: Discrete 0.100s (10.000 fps)
[03/19/24 09:17:11] crowsnest:		Interval: Discrete 0.200s (5.000 fps)
[03/19/24 09:17:11] crowsnest:		Size: Discrete 1280x720
[03/19/24 09:17:11] crowsnest:		Interval: Discrete 0.033s (30.000 fps)
[03/19/24 09:17:11] crowsnest:		Interval: Discrete 0.040s (25.000 fps)
[03/19/24 09:17:11] crowsnest:		Interval: Discrete 0.050s (20.000 fps)
[03/19/24 09:17:11] crowsnest:		Interval: Discrete 0.067s (15.000 fps)
[03/19/24 09:17:11] crowsnest:		Interval: Discrete 0.100s (10.000 fps)
[03/19/24 09:17:11] crowsnest:		Interval: Discrete 0.200s (5.000 fps)
[03/19/24 09:17:11] crowsnest:		Size: Discrete 1280x960
[03/19/24 09:17:11] crowsnest:		Interval: Discrete 0.033s (30.000 fps)
[03/19/24 09:17:11] crowsnest:		Interval: Discrete 0.040s (25.000 fps)
[03/19/24 09:17:11] crowsnest:		Interval: Discrete 0.050s (20.000 fps)
[03/19/24 09:17:11] crowsnest:		Interval: Discrete 0.067s (15.000 fps)
[03/19/24 09:17:11] crowsnest:		Interval: Discrete 0.100s (10.000 fps)
[03/19/24 09:17:11] crowsnest:		Interval: Discrete 0.200s (5.000 fps)
[03/19/24 09:17:12] crowsnest: Supported Controls:
[03/19/24 09:17:12] crowsnest:		
[03/19/24 09:17:12] crowsnest:		User Controls
[03/19/24 09:17:12] crowsnest:		
[03/19/24 09:17:12] crowsnest:		brightness 0x00980900 (int)    : min=0 max=255 step=1 default=128 value=128
[03/19/24 09:17:12] crowsnest:		contrast 0x00980901 (int)    : min=0 max=255 step=1 default=32 value=32
[03/19/24 09:17:12] crowsnest:		saturation 0x00980902 (int)    : min=0 max=255 step=1 default=32 value=32
[03/19/24 09:17:12] crowsnest:		white_balance_automatic 0x0098090c (bool)   : default=1 value=1
[03/19/24 09:17:12] crowsnest:		gain 0x00980913 (int)    : min=0 max=255 step=1 default=64 value=64
[03/19/24 09:17:12] crowsnest:		power_line_frequency 0x00980918 (menu)   : min=0 max=2 default=2 value=2
[03/19/24 09:17:12] crowsnest:		0: Disabled
[03/19/24 09:17:12] crowsnest:		1: 50 Hz
[03/19/24 09:17:12] crowsnest:		2: 60 Hz
[03/19/24 09:17:12] crowsnest:		white_balance_temperature 0x0098091a (int)    : min=0 max=10000 step=10 default=4000 value=4000 flags=inactive
[03/19/24 09:17:12] crowsnest:		sharpness 0x0098091b (int)    : min=0 max=255 step=1 default=24 value=24
[03/19/24 09:17:12] crowsnest:		backlight_compensation 0x0098091c (int)    : min=0 max=1 step=1 default=0 value=0
[03/19/24 09:17:12] crowsnest:		
[03/19/24 09:17:12] crowsnest:		Camera Controls
[03/19/24 09:17:12] crowsnest:		
[03/19/24 09:17:12] crowsnest:		auto_exposure 0x009a0901 (menu)   : min=0 max=3 default=3 value=3
[03/19/24 09:17:12] crowsnest:		1: Manual Mode
[03/19/24 09:17:12] crowsnest:		3: Aperture Priority Mode
[03/19/24 09:17:12] crowsnest:		exposure_time_absolute 0x009a0902 (int)    : min=1 max=10000 step=1 default=166 value=166 flags=inactive
[03/19/24 09:17:12] crowsnest:		exposure_dynamic_framerate 0x009a0903 (bool)   : default=0 value=1
[03/19/24 09:17:12] crowsnest: Try to start configured Cams / Services...
[03/19/24 09:17:16] crowsnest: INFO: Configuration of Section [cam 1] looks good. Continue ...
[03/19/24 09:17:18] crowsnest: V4L2 Control: No parameters set for [cam 1]. Skipped.
[03/19/24 09:17:22] crowsnest: Starting ustreamer with Device /dev/video0 ...
[03/19/24 09:17:24] crowsnest:  ... Done!
[11/24/24 07:18:53] crowsnest: crowsnest - A webcam Service for multiple Cams and Stream Services.
[11/24/24 07:18:54] crowsnest: Version: v4.1.9-1-gd75a3ae
[11/24/24 07:18:54] crowsnest: Prepare Startup ...
[11/24/24 07:18:54] crowsnest: INFO: Host information:
[11/24/24 07:18:54] crowsnest: Host Info: Distribution: Debian GNU/Linux 11 (bullseye)
[11/24/24 07:18:54] crowsnest: Host Info: Kernel: Linux 5.16.17-sun50iw9 aarch64
[11/24/24 07:18:54] crowsnest: Host Info: Available CPU Cores: 4
[11/24/24 07:18:54] crowsnest: Host Info: Available Memory: 1010636 kB
[11/24/24 07:18:54] crowsnest: Host Info: Diskspace (avail. / total): 25G / 29G
[11/24/24 07:18:54] crowsnest: INFO: Checking Dependencies
[11/24/24 07:18:56] crowsnest: Dependency: 'crudini' found in /usr/bin/crudini.
[11/24/24 07:18:56] crowsnest: Dependency: 'find' found in /usr/bin/find.
[11/24/24 07:18:56] crowsnest: Dependency: 'xargs' found in /usr/bin/xargs.
[11/24/24 07:18:56] crowsnest: Dependency: 'ustreamer' found in bin/ustreamer/src/ustreamer.bin.
[11/24/24 07:18:57] crowsnest: Version Control: ustreamer is up to date. (v6.10)
[11/24/24 07:18:57] crowsnest: INFO: Print Configfile: '/home/biqu/printer_data/config/crowsnest.conf'
[11/24/24 07:18:57] crowsnest:		[crowsnest]
[11/24/24 07:18:57] crowsnest:		log_path: /home/biqu/printer_data/logs/crowsnest.log
[11/24/24 07:18:57] crowsnest:		log_level: verbose
[11/24/24 07:18:57] crowsnest:		delete_log: false
[11/24/24 07:18:57] crowsnest:		no_proxy: false
[11/24/24 07:18:57] crowsnest:		
[11/24/24 07:18:57] crowsnest:		[cam 1]
[11/24/24 07:18:57] crowsnest:		mode: ustreamer
[11/24/24 07:18:57] crowsnest:		
[11/24/24 07:18:57] crowsnest:		enable_rtsp: false
[11/24/24 07:18:57] crowsnest:		rtsp_port: 8554
[11/24/24 07:18:57] crowsnest:		port: 8080
[11/24/24 07:18:57] crowsnest:		device: /dev/video0
[11/24/24 07:18:57] crowsnest:		resolution: 640x480
[11/24/24 07:18:57] crowsnest:		max_fps: 15
[11/24/24 07:18:57] crowsnest: INFO: Detect available Devices
[11/24/24 07:18:57] crowsnest: INFO: Found 1 total available Device(s)
[11/24/24 07:18:57] crowsnest: INFO: Found 1 available v4l2 (UVC) camera(s)
[11/24/24 07:18:57] crowsnest: /dev/v4l/by-id/usb-046d_0825_3B1FA320-video-index0 -> /dev/video0
[11/24/24 07:18:57] crowsnest: Supported Formats:
[11/24/24 07:18:57] crowsnest:		[0]: 'YUYV' (YUYV 4:2:2)
[11/24/24 07:18:57] crowsnest:		Size: Discrete 640x480
[11/24/24 07:18:57] crowsnest:		Interval: Discrete 0.033s (30.000 fps)
[11/24/24 07:18:57] crowsnest:		Interval: Discrete 0.040s (25.000 fps)
[11/24/24 07:18:57] crowsnest:		Interval: Discrete 0.050s (20.000 fps)
[11/24/24 07:18:57] crowsnest:		Interval: Discrete 0.067s (15.000 fps)
[11/24/24 07:18:57] crowsnest:		Interval: Discrete 0.100s (10.000 fps)
[11/24/24 07:18:57] crowsnest:		Interval: Discrete 0.200s (5.000 fps)
[11/24/24 07:18:57] crowsnest:		Size: Discrete 160x120
[11/24/24 07:18:57] crowsnest:		Interval: Discrete 0.033s (30.000 fps)
[11/24/24 07:18:57] crowsnest:		Interval: Discrete 0.040s (25.000 fps)
[11/24/24 07:18:57] crowsnest:		Interval: Discrete 0.050s (20.000 fps)
[11/24/24 07:18:57] crowsnest:		Interval: Discrete 0.067s (15.000 fps)
[11/24/24 07:18:57] crowsnest:		Interval: Discrete 0.100s (10.000 fps)
[11/24/24 07:18:57] crowsnest:		Interval: Discrete 0.200s (5.000 fps)
[11/24/24 07:18:57] crowsnest:		Size: Discrete 176x144
[11/24/24 07:18:57] crowsnest:		Interval: Discrete 0.033s (30.000 fps)
[11/24/24 07:18:57] crowsnest:		Interval: Discrete 0.040s (25.000 fps)
[11/24/24 07:18:57] crowsnest:		Interval: Discrete 0.050s (20.000 fps)
[11/24/24 07:18:57] crowsnest:		Interval: Discrete 0.067s (15.000 fps)
[11/24/24 07:18:57] crowsnest:		Interval: Discrete 0.100s (10.000 fps)
[11/24/24 07:18:57] crowsnest:		Interval: Discrete 0.200s (5.000 fps)
[11/24/24 07:18:57] crowsnest:		Size: Discrete 320x176
[11/24/24 07:18:57] crowsnest:		Interval: Discrete 0.033s (30.000 fps)
[11/24/24 07:18:57] crowsnest:		Interval: Discrete 0.040s (25.000 fps)
[11/24/24 07:18:57] crowsnest:		Interval: Discrete 0.050s (20.000 fps)
[11/24/24 07:18:57] crowsnest:		Interval: Discrete 0.067s (15.000 fps)
[11/24/24 07:18:57] crowsnest:		Interval: Discrete 0.100s (10.000 fps)
[11/24/24 07:18:57] crowsnest:		Interval: Discrete 0.200s (5.000 fps)
[11/24/24 07:18:57] crowsnest:		Size: Discrete 320x240
[11/24/24 07:18:57] crowsnest:		Interval: Discrete 0.033s (30.000 fps)
[11/24/24 07:18:57] crowsnest:		Interval: Discrete 0.040s (25.000 fps)
[11/24/24 07:18:57] crowsnest:		Interval: Discrete 0.050s (20.000 fps)
[11/24/24 07:18:57] crowsnest:		Interval: Discrete 0.067s (15.000 fps)
[11/24/24 07:18:57] crowsnest:		Interval: Discrete 0.100s (10.000 fps)
[11/24/24 07:18:57] crowsnest:		Interval: Discrete 0.200s (5.000 fps)
[11/24/24 07:18:57] crowsnest:		Size: Discrete 352x288
[11/24/24 07:18:57] crowsnest:		Interval: Discrete 0.033s (30.000 fps)
[11/24/24 07:18:57] crowsnest:		Interval: Discrete 0.040s (25.000 fps)
[11/24/24 07:18:57] crowsnest:		Interval: Discrete 0.050s (20.000 fps)
[11/24/24 07:18:57] crowsnest:		Interval: Discrete 0.067s (15.000 fps)
[11/24/24 07:18:57] crowsnest:		Interval: Discrete 0.100s (10.000 fps)
[11/24/24 07:18:57] crowsnest:		Interval: Discrete 0.200s (5.000 fps)
[11/24/24 07:18:57] crowsnest:		Size: Discrete 432x240
[11/24/24 07:18:57] crowsnest:		Interval: Discrete 0.033s (30.000 fps)
[11/24/24 07:18:57] crowsnest:		Interval: Discrete 0.040s (25.000 fps)
[11/24/24 07:18:57] crowsnest:		Interval: Discrete 0.050s (20.000 fps)
[11/24/24 07:18:57] crowsnest:		Interval: Discrete 0.067s (15.000 fps)
[11/24/24 07:18:57] crowsnest:		Interval: Discrete 0.100s (10.000 fps)
[11/24/24 07:18:57] crowsnest:		Interval: Discrete 0.200s (5.000 fps)
[11/24/24 07:18:57] crowsnest:		Size: Discrete 544x288
[11/24/24 07:18:57] crowsnest:		Interval: Discrete 0.033s (30.000 fps)
[11/24/24 07:18:57] crowsnest:		Interval: Discrete 0.040s (25.000 fps)
[11/24/24 07:18:57] crowsnest:		Interval: Discrete 0.050s (20.000 fps)
[11/24/24 07:18:57] crowsnest:		Interval: Discrete 0.067s (15.000 fps)
[11/24/24 07:18:57] crowsnest:		Interval: Discrete 0.100s (10.000 fps)
[11/24/24 07:18:57] crowsnest:		Interval: Discrete 0.200s (5.000 fps)
[11/24/24 07:18:57] crowsnest:		Size: Discrete 640x360
[11/24/24 07:18:57] crowsnest:		Interval: Discrete 0.033s (30.000 fps)
[11/24/24 07:18:57] crowsnest:		Interval: Discrete 0.040s (25.000 fps)
[11/24/24 07:18:57] crowsnest:		Interval: Discrete 0.050s (20.000 fps)
[11/24/24 07:18:57] crowsnest:		Interval: Discrete 0.067s (15.000 fps)
[11/24/24 07:18:57] crowsnest:		Interval: Discrete 0.100s (10.000 fps)
[11/24/24 07:18:57] crowsnest:		Interval: Discrete 0.200s (5.000 fps)
[11/24/24 07:18:57] crowsnest:		Size: Discrete 752x416
[11/24/24 07:18:57] crowsnest:		Interval: Discrete 0.040s (25.000 fps)
[11/24/24 07:18:57] crowsnest:		Interval: Discrete 0.050s (20.000 fps)
[11/24/24 07:18:57] crowsnest:		Interval: Discrete 0.067s (15.000 fps)
[11/24/24 07:18:57] crowsnest:		Interval: Discrete 0.100s (10.000 fps)
[11/24/24 07:18:57] crowsnest:		Interval: Discrete 0.200s (5.000 fps)
[11/24/24 07:18:57] crowsnest:		Size: Discrete 800x448
[11/24/24 07:18:57] crowsnest:		Interval: Discrete 0.050s (20.000 fps)
[11/24/24 07:18:57] crowsnest:		Interval: Discrete 0.067s (15.000 fps)
[11/24/24 07:18:57] crowsnest:		Interval: Discrete 0.100s (10.000 fps)
[11/24/24 07:18:57] crowsnest:		Interval: Discrete 0.200s (5.000 fps)
[11/24/24 07:18:57] crowsnest:		Size: Discrete 800x600
[11/24/24 07:18:57] crowsnest:		Interval: Discrete 0.050s (20.000 fps)
[11/24/24 07:18:57] crowsnest:		Interval: Discrete 0.067s (15.000 fps)
[11/24/24 07:18:57] crowsnest:		Interval: Discrete 0.100s (10.000 fps)
[11/24/24 07:18:57] crowsnest:		Interval: Discrete 0.200s (5.000 fps)
[11/24/24 07:18:57] crowsnest:		Size: Discrete 864x480
[11/24/24 07:18:57] crowsnest:		Interval: Discrete 0.050s (20.000 fps)
[11/24/24 07:18:57] crowsnest:		Interval: Discrete 0.067s (15.000 fps)
[11/24/24 07:18:57] crowsnest:		Interval: Discrete 0.100s (10.000 fps)
[11/24/24 07:18:57] crowsnest:		Interval: Discrete 0.200s (5.000 fps)
[11/24/24 07:18:57] crowsnest:		Size: Discrete 960x544
[11/24/24 07:18:57] crowsnest:		Interval: Discrete 0.067s (15.000 fps)
[11/24/24 07:18:57] crowsnest:		Interval: Discrete 0.100s (10.000 fps)
[11/24/24 07:18:57] crowsnest:		Interval: Discrete 0.200s (5.000 fps)
[11/24/24 07:18:57] crowsnest:		Size: Discrete 960x720
[11/24/24 07:18:57] crowsnest:		Interval: Discrete 0.100s (10.000 fps)
[11/24/24 07:18:57] crowsnest:		Interval: Discrete 0.200s (5.000 fps)
[11/24/24 07:18:57] crowsnest:		Size: Discrete 1024x576
[11/24/24 07:18:57] crowsnest:		Interval: Discrete 0.100s (10.000 fps)
[11/24/24 07:18:57] crowsnest:		Interval: Discrete 0.200s (5.000 fps)
[11/24/24 07:18:57] crowsnest:		Size: Discrete 1184x656
[11/24/24 07:18:57] crowsnest:		Interval: Discrete 0.100s (10.000 fps)
[11/24/24 07:18:57] crowsnest:		Interval: Discrete 0.200s (5.000 fps)
[11/24/24 07:18:57] crowsnest:		Size: Discrete 1280x720
[11/24/24 07:18:57] crowsnest:		Interval: Discrete 0.133s (7.500 fps)
[11/24/24 07:18:57] crowsnest:		Interval: Discrete 0.200s (5.000 fps)
[11/24/24 07:18:57] crowsnest:		Size: Discrete 1280x960
[11/24/24 07:18:57] crowsnest:		Interval: Discrete 0.133s (7.500 fps)
[11/24/24 07:18:57] crowsnest:		Interval: Discrete 0.200s (5.000 fps)
[11/24/24 07:18:57] crowsnest:		[1]: 'MJPG' (Motion-JPEG, compressed)
[11/24/24 07:18:57] crowsnest:		Size: Discrete 640x480
[11/24/24 07:18:57] crowsnest:		Interval: Discrete 0.033s (30.000 fps)
[11/24/24 07:18:57] crowsnest:		Interval: Discrete 0.040s (25.000 fps)
[11/24/24 07:18:57] crowsnest:		Interval: Discrete 0.050s (20.000 fps)
[11/24/24 07:18:57] crowsnest:		Interval: Discrete 0.067s (15.000 fps)
[11/24/24 07:18:57] crowsnest:		Interval: Discrete 0.100s (10.000 fps)
[11/24/24 07:18:57] crowsnest:		Interval: Discrete 0.200s (5.000 fps)
[11/24/24 07:18:57] crowsnest:		Size: Discrete 160x120
[11/24/24 07:18:57] crowsnest:		Interval: Discrete 0.033s (30.000 fps)
[11/24/24 07:18:57] crowsnest:		Interval: Discrete 0.040s (25.000 fps)
[11/24/24 07:18:57] crowsnest:		Interval: Discrete 0.050s (20.000 fps)
[11/24/24 07:18:57] crowsnest:		Interval: Discrete 0.067s (15.000 fps)
[11/24/24 07:18:57] crowsnest:		Interval: Discrete 0.100s (10.000 fps)
[11/24/24 07:18:57] crowsnest:		Interval: Discrete 0.200s (5.000 fps)
[11/24/24 07:18:57] crowsnest:		Size: Discrete 176x144
[11/24/24 07:18:57] crowsnest:		Interval: Discrete 0.033s (30.000 fps)
[11/24/24 07:18:57] crowsnest:		Interval: Discrete 0.040s (25.000 fps)
[11/24/24 07:18:57] crowsnest:		Interval: Discrete 0.050s (20.000 fps)
[11/24/24 07:18:57] crowsnest:		Interval: Discrete 0.067s (15.000 fps)
[11/24/24 07:18:57] crowsnest:		Interval: Discrete 0.100s (10.000 fps)
[11/24/24 07:18:57] crowsnest:		Interval: Discrete 0.200s (5.000 fps)
[11/24/24 07:18:57] crowsnest:		Size: Discrete 320x176
[11/24/24 07:18:57] crowsnest:		Interval: Discrete 0.033s (30.000 fps)
[11/24/24 07:18:57] crowsnest:		Interval: Discrete 0.040s (25.000 fps)
[11/24/24 07:18:57] crowsnest:		Interval: Discrete 0.050s (20.000 fps)
[11/24/24 07:18:57] crowsnest:		Interval: Discrete 0.067s (15.000 fps)
[11/24/24 07:18:57] crowsnest:		Interval: Discrete 0.100s (10.000 fps)
[11/24/24 07:18:57] crowsnest:		Interval: Discrete 0.200s (5.000 fps)
[11/24/24 07:18:57] crowsnest:		Size: Discrete 320x240
[11/24/24 07:18:57] crowsnest:		Interval: Discrete 0.033s (30.000 fps)
[11/24/24 07:18:57] crowsnest:		Interval: Discrete 0.040s (25.000 fps)
[11/24/24 07:18:57] crowsnest:		Interval: Discrete 0.050s (20.000 fps)
[11/24/24 07:18:57] crowsnest:		Interval: Discrete 0.067s (15.000 fps)
[11/24/24 07:18:57] crowsnest:		Interval: Discrete 0.100s (10.000 fps)
[11/24/24 07:18:57] crowsnest:		Interval: Discrete 0.200s (5.000 fps)
[11/24/24 07:18:57] crowsnest:		Size: Discrete 352x288
[11/24/24 07:18:57] crowsnest:		Interval: Discrete 0.033s (30.000 fps)
[11/24/24 07:18:57] crowsnest:		Interval: Discrete 0.040s (25.000 fps)
[11/24/24 07:18:57] crowsnest:		Interval: Discrete 0.050s (20.000 fps)
[11/24/24 07:18:57] crowsnest:		Interval: Discrete 0.067s (15.000 fps)
[11/24/24 07:18:57] crowsnest:		Interval: Discrete 0.100s (10.000 fps)
[11/24/24 07:18:57] crowsnest:		Interval: Discrete 0.200s (5.000 fps)
[11/24/24 07:18:57] crowsnest:		Size: Discrete 432x240
[11/24/24 07:18:57] crowsnest:		Interval: Discrete 0.033s (30.000 fps)
[11/24/24 07:18:57] crowsnest:		Interval: Discrete 0.040s (25.000 fps)
[11/24/24 07:18:57] crowsnest:		Interval: Discrete 0.050s (20.000 fps)
[11/24/24 07:18:57] crowsnest:		Interval: Discrete 0.067s (15.000 fps)
[11/24/24 07:18:57] crowsnest:		Interval: Discrete 0.100s (10.000 fps)
[11/24/24 07:18:57] crowsnest:		Interval: Discrete 0.200s (5.000 fps)
[11/24/24 07:18:57] crowsnest:		Size: Discrete 544x288
[11/24/24 07:18:57] crowsnest:		Interval: Discrete 0.033s (30.000 fps)
[11/24/24 07:18:57] crowsnest:		Interval: Discrete 0.040s (25.000 fps)
[11/24/24 07:18:57] crowsnest:		Interval: Discrete 0.050s (20.000 fps)
[11/24/24 07:18:57] crowsnest:		Interval: Discrete 0.067s (15.000 fps)
[11/24/24 07:18:57] crowsnest:		Interval: Discrete 0.100s (10.000 fps)
[11/24/24 07:18:57] crowsnest:		Interval: Discrete 0.200s (5.000 fps)
[11/24/24 07:18:57] crowsnest:		Size: Discrete 640x360
[11/24/24 07:18:57] crowsnest:		Interval: Discrete 0.033s (30.000 fps)
[11/24/24 07:18:57] crowsnest:		Interval: Discrete 0.040s (25.000 fps)
[11/24/24 07:18:57] crowsnest:		Interval: Discrete 0.050s (20.000 fps)
[11/24/24 07:18:57] crowsnest:		Interval: Discrete 0.067s (15.000 fps)
[11/24/24 07:18:57] crowsnest:		Interval: Discrete 0.100s (10.000 fps)
[11/24/24 07:18:57] crowsnest:		Interval: Discrete 0.200s (5.000 fps)
[11/24/24 07:18:57] crowsnest:		Size: Discrete 752x416
[11/24/24 07:18:57] crowsnest:		Interval: Discrete 0.033s (30.000 fps)
[11/24/24 07:18:57] crowsnest:		Interval: Discrete 0.040s (25.000 fps)
[11/24/24 07:18:57] crowsnest:		Interval: Discrete 0.050s (20.000 fps)
[11/24/24 07:18:57] crowsnest:		Interval: Discrete 0.067s (15.000 fps)
[11/24/24 07:18:57] crowsnest:		Interval: Discrete 0.100s (10.000 fps)
[11/24/24 07:18:57] crowsnest:		Interval: Discrete 0.200s (5.000 fps)
[11/24/24 07:18:57] crowsnest:		Size: Discrete 800x448
[11/24/24 07:18:57] crowsnest:		Interval: Discrete 0.033s (30.000 fps)
[11/24/24 07:18:57] crowsnest:		Interval: Discrete 0.040s (25.000 fps)
[11/24/24 07:18:57] crowsnest:		Interval: Discrete 0.050s (20.000 fps)
[11/24/24 07:18:57] crowsnest:		Interval: Discrete 0.067s (15.000 fps)
[11/24/24 07:18:57] crowsnest:		Interval: Discrete 0.100s (10.000 fps)
[11/24/24 07:18:57] crowsnest:		Interval: Discrete 0.200s (5.000 fps)
[11/24/24 07:18:57] crowsnest:		Size: Discrete 800x600
[11/24/24 07:18:57] crowsnest:		Interval: Discrete 0.033s (30.000 fps)
[11/24/24 07:18:57] crowsnest:		Interval: Discrete 0.040s (25.000 fps)
[11/24/24 07:18:57] crowsnest:		Interval: Discrete 0.050s (20.000 fps)
[11/24/24 07:18:57] crowsnest:		Interval: Discrete 0.067s (15.000 fps)
[11/24/24 07:18:57] crowsnest:		Interval: Discrete 0.100s (10.000 fps)
[11/24/24 07:18:57] crowsnest:		Interval: Discrete 0.200s (5.000 fps)
[11/24/24 07:18:57] crowsnest:		Size: Discrete 864x480
[11/24/24 07:18:57] crowsnest:		Interval: Discrete 0.033s (30.000 fps)
[11/24/24 07:18:57] crowsnest:		Interval: Discrete 0.040s (25.000 fps)
[11/24/24 07:18:57] crowsnest:		Interval: Discrete 0.050s (20.000 fps)
[11/24/24 07:18:57] crowsnest:		Interval: Discrete 0.067s (15.000 fps)
[11/24/24 07:18:57] crowsnest:		Interval: Discrete 0.100s (10.000 fps)
[11/24/24 07:18:57] crowsnest:		Interval: Discrete 0.200s (5.000 fps)
[11/24/24 07:18:57] crowsnest:		Size: Discrete 960x544
[11/24/24 07:18:57] crowsnest:		Interval: Discrete 0.033s (30.000 fps)
[11/24/24 07:18:57] crowsnest:		Interval: Discrete 0.040s (25.000 fps)
[11/24/24 07:18:57] crowsnest:		Interval: Discrete 0.050s (20.000 fps)
[11/24/24 07:18:57] crowsnest:		Interval: Discrete 0.067s (15.000 fps)
[11/24/24 07:18:57] crowsnest:		Interval: Discrete 0.100s (10.000 fps)
[11/24/24 07:18:57] crowsnest:		Interval: Discrete 0.200s (5.000 fps)
[11/24/24 07:18:57] crowsnest:		Size: Discrete 960x720
[11/24/24 07:18:57] crowsnest:		Interval: Discrete 0.033s (30.000 fps)
[11/24/24 07:18:57] crowsnest:		Interval: Discrete 0.040s (25.000 fps)
[11/24/24 07:18:57] crowsnest:		Interval: Discrete 0.050s (20.000 fps)
[11/24/24 07:18:57] crowsnest:		Interval: Discrete 0.067s (15.000 fps)
[11/24/24 07:18:57] crowsnest:		Interval: Discrete 0.100s (10.000 fps)
[11/24/24 07:18:57] crowsnest:		Interval: Discrete 0.200s (5.000 fps)
[11/24/24 07:18:57] crowsnest:		Size: Discrete 1024x576
[11/24/24 07:18:57] crowsnest:		Interval: Discrete 0.033s (30.000 fps)
[11/24/24 07:18:57] crowsnest:		Interval: Discrete 0.040s (25.000 fps)
[11/24/24 07:18:57] crowsnest:		Interval: Discrete 0.050s (20.000 fps)
[11/24/24 07:18:57] crowsnest:		Interval: Discrete 0.067s (15.000 fps)
[11/24/24 07:18:57] crowsnest:		Interval: Discrete 0.100s (10.000 fps)
[11/24/24 07:18:57] crowsnest:		Interval: Discrete 0.200s (5.000 fps)
[11/24/24 07:18:57] crowsnest:		Size: Discrete 1184x656
[11/24/24 07:18:57] crowsnest:		Interval: Discrete 0.033s (30.000 fps)
[11/24/24 07:18:57] crowsnest:		Interval: Discrete 0.040s (25.000 fps)
[11/24/24 07:18:57] crowsnest:		Interval: Discrete 0.050s (20.000 fps)
[11/24/24 07:18:57] crowsnest:		Interval: Discrete 0.067s (15.000 fps)
[11/24/24 07:18:57] crowsnest:		Interval: Discrete 0.100s (10.000 fps)
[11/24/24 07:18:57] crowsnest:		Interval: Discrete 0.200s (5.000 fps)
[11/24/24 07:18:57] crowsnest:		Size: Discrete 1280x720
[11/24/24 07:18:57] crowsnest:		Interval: Discrete 0.033s (30.000 fps)
[11/24/24 07:18:57] crowsnest:		Interval: Discrete 0.040s (25.000 fps)
[11/24/24 07:18:57] crowsnest:		Interval: Discrete 0.050s (20.000 fps)
[11/24/24 07:18:57] crowsnest:		Interval: Discrete 0.067s (15.000 fps)
[11/24/24 07:18:57] crowsnest:		Interval: Discrete 0.100s (10.000 fps)
[11/24/24 07:18:57] crowsnest:		Interval: Discrete 0.200s (5.000 fps)
[11/24/24 07:18:57] crowsnest:		Size: Discrete 1280x960
[11/24/24 07:18:57] crowsnest:		Interval: Discrete 0.033s (30.000 fps)
[11/24/24 07:18:57] crowsnest:		Interval: Discrete 0.040s (25.000 fps)
[11/24/24 07:18:57] crowsnest:		Interval: Discrete 0.050s (20.000 fps)
[11/24/24 07:18:57] crowsnest:		Interval: Discrete 0.067s (15.000 fps)
[11/24/24 07:18:57] crowsnest:		Interval: Discrete 0.100s (10.000 fps)
[11/24/24 07:18:57] crowsnest:		Interval: Discrete 0.200s (5.000 fps)
[11/24/24 07:18:58] crowsnest: Supported Controls:
[11/24/24 07:18:58] crowsnest:		
[11/24/24 07:18:58] crowsnest:		User Controls
[11/24/24 07:18:58] crowsnest:		
[11/24/24 07:18:58] crowsnest:		brightness 0x00980900 (int)    : min=0 max=255 step=1 default=128 value=128
[11/24/24 07:18:58] crowsnest:		contrast 0x00980901 (int)    : min=0 max=255 step=1 default=32 value=32
[11/24/24 07:18:58] crowsnest:		saturation 0x00980902 (int)    : min=0 max=255 step=1 default=32 value=32
[11/24/24 07:18:58] crowsnest:		white_balance_automatic 0x0098090c (bool)   : default=1 value=1
[11/24/24 07:18:58] crowsnest:		gain 0x00980913 (int)    : min=0 max=255 step=1 default=64 value=192
[11/24/24 07:18:58] crowsnest:		power_line_frequency 0x00980918 (menu)   : min=0 max=2 default=2 value=2
[11/24/24 07:18:58] crowsnest:		0: Disabled
[11/24/24 07:18:58] crowsnest:		1: 50 Hz
[11/24/24 07:18:58] crowsnest:		2: 60 Hz
[11/24/24 07:18:58] crowsnest:		white_balance_temperature 0x0098091a (int)    : min=0 max=10000 step=10 default=4000 value=3070 flags=inactive
[11/24/24 07:18:58] crowsnest:		sharpness 0x0098091b (int)    : min=0 max=255 step=1 default=24 value=24
[11/24/24 07:18:58] crowsnest:		backlight_compensation 0x0098091c (int)    : min=0 max=1 step=1 default=0 value=0
[11/24/24 07:18:58] crowsnest:		
[11/24/24 07:18:58] crowsnest:		Camera Controls
[11/24/24 07:18:58] crowsnest:		
[11/24/24 07:18:58] crowsnest:		auto_exposure 0x009a0901 (menu)   : min=0 max=3 default=3 value=3
[11/24/24 07:18:58] crowsnest:		1: Manual Mode
[11/24/24 07:18:58] crowsnest:		3: Aperture Priority Mode
[11/24/24 07:18:58] crowsnest:		exposure_time_absolute 0x009a0902 (int)    : min=1 max=10000 step=1 default=166 value=36 flags=inactive
[11/24/24 07:18:58] crowsnest:		exposure_dynamic_framerate 0x009a0903 (bool)   : default=0 value=1
[11/24/24 07:18:58] crowsnest: Try to start configured Cams / Services...
[11/24/24 07:19:04] crowsnest: INFO: Configuration of Section [cam 1] looks good. Continue ...
[11/24/24 07:19:05] crowsnest: V4L2 Control: No parameters set for [cam 1]. Skipped.
[11/24/24 07:19:09] crowsnest: Starting ustreamer with Device /dev/video0 ...
[11/24/24 07:19:11] crowsnest:  ... Done!
[11/24/24 07:38:34] crowsnest: Shutdown or Killed by User!
[11/24/24 07:38:34] crowsnest: Please come again :)
[11/24/24 07:38:34] crowsnest: Goodbye...
[11/24/24 07:38:44] crowsnest: crowsnest - A webcam Service for multiple Cams and Stream Services.
[11/24/24 07:38:44] crowsnest: Version: v4.1.9-1-gd75a3ae
[11/24/24 07:38:44] crowsnest: Prepare Startup ...
[11/24/24 07:38:44] crowsnest: INFO: Host information:
[11/24/24 07:38:44] crowsnest: Host Info: Distribution: Debian GNU/Linux 11 (bullseye)
[11/24/24 07:38:44] crowsnest: Host Info: Kernel: Linux 5.16.17-sun50iw9 aarch64
[11/24/24 07:38:44] crowsnest: Host Info: Available CPU Cores: 4
[11/24/24 07:38:44] crowsnest: Host Info: Available Memory: 1010636 kB
[11/24/24 07:38:44] crowsnest: Host Info: Diskspace (avail. / total): 25G / 29G
[11/24/24 07:38:44] crowsnest: INFO: Checking Dependencies
[11/24/24 07:38:45] crowsnest: Dependency: 'crudini' found in /usr/bin/crudini.
[11/24/24 07:38:45] crowsnest: Dependency: 'find' found in /usr/bin/find.
[11/24/24 07:38:45] crowsnest: Dependency: 'xargs' found in /usr/bin/xargs.
[11/24/24 07:38:45] crowsnest: Dependency: 'ustreamer' found in bin/ustreamer/src/ustreamer.bin.
[11/24/24 07:38:45] crowsnest: Version Control: ustreamer is up to date. (v6.10)
[11/24/24 07:38:45] crowsnest: INFO: Print Configfile: '/home/biqu/printer_data/config/crowsnest.conf'
[11/24/24 07:38:45] crowsnest:		[crowsnest]
[11/24/24 07:38:45] crowsnest:		log_path: /home/biqu/printer_data/logs/crowsnest.log
[11/24/24 07:38:45] crowsnest:		log_level: verbose
[11/24/24 07:38:45] crowsnest:		delete_log: false
[11/24/24 07:38:45] crowsnest:		no_proxy: false
[11/24/24 07:38:45] crowsnest:		
[11/24/24 07:38:45] crowsnest:		[cam 1]
[11/24/24 07:38:45] crowsnest:		mode: ustreamer
[11/24/24 07:38:45] crowsnest:		
[11/24/24 07:38:45] crowsnest:		enable_rtsp: false
[11/24/24 07:38:45] crowsnest:		rtsp_port: 8554
[11/24/24 07:38:45] crowsnest:		port: 8080
[11/24/24 07:38:45] crowsnest:		device: /dev/video0
[11/24/24 07:38:45] crowsnest:		resolution: 640x480
[11/24/24 07:38:45] crowsnest:		max_fps: 15
[11/24/24 07:38:46] crowsnest: INFO: Detect available Devices
[11/24/24 07:38:46] crowsnest: INFO: Found 1 total available Device(s)
[11/24/24 07:38:46] crowsnest: INFO: Found 1 available v4l2 (UVC) camera(s)
[11/24/24 07:38:46] crowsnest: /dev/v4l/by-id/usb-046d_0825_3B1FA320-video-index0 -> /dev/video0
[11/24/24 07:38:46] crowsnest: Supported Formats:
[11/24/24 07:38:46] crowsnest:		[0]: 'YUYV' (YUYV 4:2:2)
[11/24/24 07:38:46] crowsnest:		Size: Discrete 640x480
[11/24/24 07:38:46] crowsnest:		Interval: Discrete 0.033s (30.000 fps)
[11/24/24 07:38:46] crowsnest:		Interval: Discrete 0.040s (25.000 fps)
[11/24/24 07:38:46] crowsnest:		Interval: Discrete 0.050s (20.000 fps)
[11/24/24 07:38:46] crowsnest:		Interval: Discrete 0.067s (15.000 fps)
[11/24/24 07:38:46] crowsnest:		Interval: Discrete 0.100s (10.000 fps)
[11/24/24 07:38:46] crowsnest:		Interval: Discrete 0.200s (5.000 fps)
[11/24/24 07:38:46] crowsnest:		Size: Discrete 160x120
[11/24/24 07:38:46] crowsnest:		Interval: Discrete 0.033s (30.000 fps)
[11/24/24 07:38:46] crowsnest:		Interval: Discrete 0.040s (25.000 fps)
[11/24/24 07:38:46] crowsnest:		Interval: Discrete 0.050s (20.000 fps)
[11/24/24 07:38:46] crowsnest:		Interval: Discrete 0.067s (15.000 fps)
[11/24/24 07:38:46] crowsnest:		Interval: Discrete 0.100s (10.000 fps)
[11/24/24 07:38:46] crowsnest:		Interval: Discrete 0.200s (5.000 fps)
[11/24/24 07:38:46] crowsnest:		Size: Discrete 176x144
[11/24/24 07:38:46] crowsnest:		Interval: Discrete 0.033s (30.000 fps)
[11/24/24 07:38:46] crowsnest:		Interval: Discrete 0.040s (25.000 fps)
[11/24/24 07:38:46] crowsnest:		Interval: Discrete 0.050s (20.000 fps)
[11/24/24 07:38:46] crowsnest:		Interval: Discrete 0.067s (15.000 fps)
[11/24/24 07:38:46] crowsnest:		Interval: Discrete 0.100s (10.000 fps)
[11/24/24 07:38:46] crowsnest:		Interval: Discrete 0.200s (5.000 fps)
[11/24/24 07:38:46] crowsnest:		Size: Discrete 320x176
[11/24/24 07:38:46] crowsnest:		Interval: Discrete 0.033s (30.000 fps)
[11/24/24 07:38:46] crowsnest:		Interval: Discrete 0.040s (25.000 fps)
[11/24/24 07:38:46] crowsnest:		Interval: Discrete 0.050s (20.000 fps)
[11/24/24 07:38:46] crowsnest:		Interval: Discrete 0.067s (15.000 fps)
[11/24/24 07:38:46] crowsnest:		Interval: Discrete 0.100s (10.000 fps)
[11/24/24 07:38:46] crowsnest:		Interval: Discrete 0.200s (5.000 fps)
[11/24/24 07:38:46] crowsnest:		Size: Discrete 320x240
[11/24/24 07:38:46] crowsnest:		Interval: Discrete 0.033s (30.000 fps)
[11/24/24 07:38:46] crowsnest:		Interval: Discrete 0.040s (25.000 fps)
[11/24/24 07:38:46] crowsnest:		Interval: Discrete 0.050s (20.000 fps)
[11/24/24 07:38:46] crowsnest:		Interval: Discrete 0.067s (15.000 fps)
[11/24/24 07:38:46] crowsnest:		Interval: Discrete 0.100s (10.000 fps)
[11/24/24 07:38:46] crowsnest:		Interval: Discrete 0.200s (5.000 fps)
[11/24/24 07:38:46] crowsnest:		Size: Discrete 352x288
[11/24/24 07:38:46] crowsnest:		Interval: Discrete 0.033s (30.000 fps)
[11/24/24 07:38:46] crowsnest:		Interval: Discrete 0.040s (25.000 fps)
[11/24/24 07:38:46] crowsnest:		Interval: Discrete 0.050s (20.000 fps)
[11/24/24 07:38:46] crowsnest:		Interval: Discrete 0.067s (15.000 fps)
[11/24/24 07:38:46] crowsnest:		Interval: Discrete 0.100s (10.000 fps)
[11/24/24 07:38:46] crowsnest:		Interval: Discrete 0.200s (5.000 fps)
[11/24/24 07:38:46] crowsnest:		Size: Discrete 432x240
[11/24/24 07:38:46] crowsnest:		Interval: Discrete 0.033s (30.000 fps)
[11/24/24 07:38:46] crowsnest:		Interval: Discrete 0.040s (25.000 fps)
[11/24/24 07:38:46] crowsnest:		Interval: Discrete 0.050s (20.000 fps)
[11/24/24 07:38:46] crowsnest:		Interval: Discrete 0.067s (15.000 fps)
[11/24/24 07:38:46] crowsnest:		Interval: Discrete 0.100s (10.000 fps)
[11/24/24 07:38:46] crowsnest:		Interval: Discrete 0.200s (5.000 fps)
[11/24/24 07:38:46] crowsnest:		Size: Discrete 544x288
[11/24/24 07:38:46] crowsnest:		Interval: Discrete 0.033s (30.000 fps)
[11/24/24 07:38:46] crowsnest:		Interval: Discrete 0.040s (25.000 fps)
[11/24/24 07:38:46] crowsnest:		Interval: Discrete 0.050s (20.000 fps)
[11/24/24 07:38:46] crowsnest:		Interval: Discrete 0.067s (15.000 fps)
[11/24/24 07:38:46] crowsnest:		Interval: Discrete 0.100s (10.000 fps)
[11/24/24 07:38:46] crowsnest:		Interval: Discrete 0.200s (5.000 fps)
[11/24/24 07:38:46] crowsnest:		Size: Discrete 640x360
[11/24/24 07:38:46] crowsnest:		Interval: Discrete 0.033s (30.000 fps)
[11/24/24 07:38:46] crowsnest:		Interval: Discrete 0.040s (25.000 fps)
[11/24/24 07:38:46] crowsnest:		Interval: Discrete 0.050s (20.000 fps)
[11/24/24 07:38:46] crowsnest:		Interval: Discrete 0.067s (15.000 fps)
[11/24/24 07:38:46] crowsnest:		Interval: Discrete 0.100s (10.000 fps)
[11/24/24 07:38:46] crowsnest:		Interval: Discrete 0.200s (5.000 fps)
[11/24/24 07:38:46] crowsnest:		Size: Discrete 752x416
[11/24/24 07:38:46] crowsnest:		Interval: Discrete 0.040s (25.000 fps)
[11/24/24 07:38:46] crowsnest:		Interval: Discrete 0.050s (20.000 fps)
[11/24/24 07:38:46] crowsnest:		Interval: Discrete 0.067s (15.000 fps)
[11/24/24 07:38:46] crowsnest:		Interval: Discrete 0.100s (10.000 fps)
[11/24/24 07:38:46] crowsnest:		Interval: Discrete 0.200s (5.000 fps)
[11/24/24 07:38:46] crowsnest:		Size: Discrete 800x448
[11/24/24 07:38:46] crowsnest:		Interval: Discrete 0.050s (20.000 fps)
[11/24/24 07:38:46] crowsnest:		Interval: Discrete 0.067s (15.000 fps)
[11/24/24 07:38:46] crowsnest:		Interval: Discrete 0.100s (10.000 fps)
[11/24/24 07:38:46] crowsnest:		Interval: Discrete 0.200s (5.000 fps)
[11/24/24 07:38:46] crowsnest:		Size: Discrete 800x600
[11/24/24 07:38:46] crowsnest:		Interval: Discrete 0.050s (20.000 fps)
[11/24/24 07:38:46] crowsnest:		Interval: Discrete 0.067s (15.000 fps)
[11/24/24 07:38:46] crowsnest:		Interval: Discrete 0.100s (10.000 fps)
[11/24/24 07:38:46] crowsnest:		Interval: Discrete 0.200s (5.000 fps)
[11/24/24 07:38:46] crowsnest:		Size: Discrete 864x480
[11/24/24 07:38:46] crowsnest:		Interval: Discrete 0.050s (20.000 fps)
[11/24/24 07:38:46] crowsnest:		Interval: Discrete 0.067s (15.000 fps)
[11/24/24 07:38:46] crowsnest:		Interval: Discrete 0.100s (10.000 fps)
[11/24/24 07:38:46] crowsnest:		Interval: Discrete 0.200s (5.000 fps)
[11/24/24 07:38:46] crowsnest:		Size: Discrete 960x544
[11/24/24 07:38:46] crowsnest:		Interval: Discrete 0.067s (15.000 fps)
[11/24/24 07:38:46] crowsnest:		Interval: Discrete 0.100s (10.000 fps)
[11/24/24 07:38:46] crowsnest:		Interval: Discrete 0.200s (5.000 fps)
[11/24/24 07:38:46] crowsnest:		Size: Discrete 960x720
[11/24/24 07:38:46] crowsnest:		Interval: Discrete 0.100s (10.000 fps)
[11/24/24 07:38:46] crowsnest:		Interval: Discrete 0.200s (5.000 fps)
[11/24/24 07:38:46] crowsnest:		Size: Discrete 1024x576
[11/24/24 07:38:46] crowsnest:		Interval: Discrete 0.100s (10.000 fps)
[11/24/24 07:38:46] crowsnest:		Interval: Discrete 0.200s (5.000 fps)
[11/24/24 07:38:46] crowsnest:		Size: Discrete 1184x656
[11/24/24 07:38:46] crowsnest:		Interval: Discrete 0.100s (10.000 fps)
[11/24/24 07:38:46] crowsnest:		Interval: Discrete 0.200s (5.000 fps)
[11/24/24 07:38:46] crowsnest:		Size: Discrete 1280x720
[11/24/24 07:38:46] crowsnest:		Interval: Discrete 0.133s (7.500 fps)
[11/24/24 07:38:46] crowsnest:		Interval: Discrete 0.200s (5.000 fps)
[11/24/24 07:38:46] crowsnest:		Size: Discrete 1280x960
[11/24/24 07:38:46] crowsnest:		Interval: Discrete 0.133s (7.500 fps)
[11/24/24 07:38:46] crowsnest:		Interval: Discrete 0.200s (5.000 fps)
[11/24/24 07:38:46] crowsnest:		[1]: 'MJPG' (Motion-JPEG, compressed)
[11/24/24 07:38:46] crowsnest:		Size: Discrete 640x480
[11/24/24 07:38:46] crowsnest:		Interval: Discrete 0.033s (30.000 fps)
[11/24/24 07:38:46] crowsnest:		Interval: Discrete 0.040s (25.000 fps)
[11/24/24 07:38:46] crowsnest:		Interval: Discrete 0.050s (20.000 fps)
[11/24/24 07:38:46] crowsnest:		Interval: Discrete 0.067s (15.000 fps)
[11/24/24 07:38:46] crowsnest:		Interval: Discrete 0.100s (10.000 fps)
[11/24/24 07:38:46] crowsnest:		Interval: Discrete 0.200s (5.000 fps)
[11/24/24 07:38:46] crowsnest:		Size: Discrete 160x120
[11/24/24 07:38:46] crowsnest:		Interval: Discrete 0.033s (30.000 fps)
[11/24/24 07:38:46] crowsnest:		Interval: Discrete 0.040s (25.000 fps)
[11/24/24 07:38:46] crowsnest:		Interval: Discrete 0.050s (20.000 fps)
[11/24/24 07:38:46] crowsnest:		Interval: Discrete 0.067s (15.000 fps)
[11/24/24 07:38:46] crowsnest:		Interval: Discrete 0.100s (10.000 fps)
[11/24/24 07:38:46] crowsnest:		Interval: Discrete 0.200s (5.000 fps)
[11/24/24 07:38:46] crowsnest:		Size: Discrete 176x144
[11/24/24 07:38:46] crowsnest:		Interval: Discrete 0.033s (30.000 fps)
[11/24/24 07:38:46] crowsnest:		Interval: Discrete 0.040s (25.000 fps)
[11/24/24 07:38:46] crowsnest:		Interval: Discrete 0.050s (20.000 fps)
[11/24/24 07:38:46] crowsnest:		Interval: Discrete 0.067s (15.000 fps)
[11/24/24 07:38:46] crowsnest:		Interval: Discrete 0.100s (10.000 fps)
[11/24/24 07:38:46] crowsnest:		Interval: Discrete 0.200s (5.000 fps)
[11/24/24 07:38:46] crowsnest:		Size: Discrete 320x176
[11/24/24 07:38:46] crowsnest:		Interval: Discrete 0.033s (30.000 fps)
[11/24/24 07:38:46] crowsnest:		Interval: Discrete 0.040s (25.000 fps)
[11/24/24 07:38:46] crowsnest:		Interval: Discrete 0.050s (20.000 fps)
[11/24/24 07:38:46] crowsnest:		Interval: Discrete 0.067s (15.000 fps)
[11/24/24 07:38:46] crowsnest:		Interval: Discrete 0.100s (10.000 fps)
[11/24/24 07:38:46] crowsnest:		Interval: Discrete 0.200s (5.000 fps)
[11/24/24 07:38:46] crowsnest:		Size: Discrete 320x240
[11/24/24 07:38:46] crowsnest:		Interval: Discrete 0.033s (30.000 fps)
[11/24/24 07:38:46] crowsnest:		Interval: Discrete 0.040s (25.000 fps)
[11/24/24 07:38:46] crowsnest:		Interval: Discrete 0.050s (20.000 fps)
[11/24/24 07:38:46] crowsnest:		Interval: Discrete 0.067s (15.000 fps)
[11/24/24 07:38:46] crowsnest:		Interval: Discrete 0.100s (10.000 fps)
[11/24/24 07:38:46] crowsnest:		Interval: Discrete 0.200s (5.000 fps)
[11/24/24 07:38:46] crowsnest:		Size: Discrete 352x288
[11/24/24 07:38:46] crowsnest:		Interval: Discrete 0.033s (30.000 fps)
[11/24/24 07:38:46] crowsnest:		Interval: Discrete 0.040s (25.000 fps)
[11/24/24 07:38:46] crowsnest:		Interval: Discrete 0.050s (20.000 fps)
[11/24/24 07:38:46] crowsnest:		Interval: Discrete 0.067s (15.000 fps)
[11/24/24 07:38:46] crowsnest:		Interval: Discrete 0.100s (10.000 fps)
[11/24/24 07:38:46] crowsnest:		Interval: Discrete 0.200s (5.000 fps)
[11/24/24 07:38:46] crowsnest:		Size: Discrete 432x240
[11/24/24 07:38:46] crowsnest:		Interval: Discrete 0.033s (30.000 fps)
[11/24/24 07:38:46] crowsnest:		Interval: Discrete 0.040s (25.000 fps)
[11/24/24 07:38:46] crowsnest:		Interval: Discrete 0.050s (20.000 fps)
[11/24/24 07:38:46] crowsnest:		Interval: Discrete 0.067s (15.000 fps)
[11/24/24 07:38:46] crowsnest:		Interval: Discrete 0.100s (10.000 fps)
[11/24/24 07:38:46] crowsnest:		Interval: Discrete 0.200s (5.000 fps)
[11/24/24 07:38:46] crowsnest:		Size: Discrete 544x288
[11/24/24 07:38:46] crowsnest:		Interval: Discrete 0.033s (30.000 fps)
[11/24/24 07:38:46] crowsnest:		Interval: Discrete 0.040s (25.000 fps)
[11/24/24 07:38:46] crowsnest:		Interval: Discrete 0.050s (20.000 fps)
[11/24/24 07:38:46] crowsnest:		Interval: Discrete 0.067s (15.000 fps)
[11/24/24 07:38:46] crowsnest:		Interval: Discrete 0.100s (10.000 fps)
[11/24/24 07:38:46] crowsnest:		Interval: Discrete 0.200s (5.000 fps)
[11/24/24 07:38:46] crowsnest:		Size: Discrete 640x360
[11/24/24 07:38:46] crowsnest:		Interval: Discrete 0.033s (30.000 fps)
[11/24/24 07:38:46] crowsnest:		Interval: Discrete 0.040s (25.000 fps)
[11/24/24 07:38:46] crowsnest:		Interval: Discrete 0.050s (20.000 fps)
[11/24/24 07:38:46] crowsnest:		Interval: Discrete 0.067s (15.000 fps)
[11/24/24 07:38:46] crowsnest:		Interval: Discrete 0.100s (10.000 fps)
[11/24/24 07:38:46] crowsnest:		Interval: Discrete 0.200s (5.000 fps)
[11/24/24 07:38:46] crowsnest:		Size: Discrete 752x416
[11/24/24 07:38:46] crowsnest:		Interval: Discrete 0.033s (30.000 fps)
[11/24/24 07:38:46] crowsnest:		Interval: Discrete 0.040s (25.000 fps)
[11/24/24 07:38:46] crowsnest:		Interval: Discrete 0.050s (20.000 fps)
[11/24/24 07:38:46] crowsnest:		Interval: Discrete 0.067s (15.000 fps)
[11/24/24 07:38:46] crowsnest:		Interval: Discrete 0.100s (10.000 fps)
[11/24/24 07:38:46] crowsnest:		Interval: Discrete 0.200s (5.000 fps)
[11/24/24 07:38:46] crowsnest:		Size: Discrete 800x448
[11/24/24 07:38:46] crowsnest:		Interval: Discrete 0.033s (30.000 fps)
[11/24/24 07:38:46] crowsnest:		Interval: Discrete 0.040s (25.000 fps)
[11/24/24 07:38:46] crowsnest:		Interval: Discrete 0.050s (20.000 fps)
[11/24/24 07:38:46] crowsnest:		Interval: Discrete 0.067s (15.000 fps)
[11/24/24 07:38:46] crowsnest:		Interval: Discrete 0.100s (10.000 fps)
[11/24/24 07:38:46] crowsnest:		Interval: Discrete 0.200s (5.000 fps)
[11/24/24 07:38:46] crowsnest:		Size: Discrete 800x600
[11/24/24 07:38:46] crowsnest:		Interval: Discrete 0.033s (30.000 fps)
[11/24/24 07:38:46] crowsnest:		Interval: Discrete 0.040s (25.000 fps)
[11/24/24 07:38:46] crowsnest:		Interval: Discrete 0.050s (20.000 fps)
[11/24/24 07:38:46] crowsnest:		Interval: Discrete 0.067s (15.000 fps)
[11/24/24 07:38:46] crowsnest:		Interval: Discrete 0.100s (10.000 fps)
[11/24/24 07:38:46] crowsnest:		Interval: Discrete 0.200s (5.000 fps)
[11/24/24 07:38:46] crowsnest:		Size: Discrete 864x480
[11/24/24 07:38:46] crowsnest:		Interval: Discrete 0.033s (30.000 fps)
[11/24/24 07:38:46] crowsnest:		Interval: Discrete 0.040s (25.000 fps)
[11/24/24 07:38:46] crowsnest:		Interval: Discrete 0.050s (20.000 fps)
[11/24/24 07:38:46] crowsnest:		Interval: Discrete 0.067s (15.000 fps)
[11/24/24 07:38:46] crowsnest:		Interval: Discrete 0.100s (10.000 fps)
[11/24/24 07:38:46] crowsnest:		Interval: Discrete 0.200s (5.000 fps)
[11/24/24 07:38:46] crowsnest:		Size: Discrete 960x544
[11/24/24 07:38:46] crowsnest:		Interval: Discrete 0.033s (30.000 fps)
[11/24/24 07:38:46] crowsnest:		Interval: Discrete 0.040s (25.000 fps)
[11/24/24 07:38:46] crowsnest:		Interval: Discrete 0.050s (20.000 fps)
[11/24/24 07:38:46] crowsnest:		Interval: Discrete 0.067s (15.000 fps)
[11/24/24 07:38:46] crowsnest:		Interval: Discrete 0.100s (10.000 fps)
[11/24/24 07:38:46] crowsnest:		Interval: Discrete 0.200s (5.000 fps)
[11/24/24 07:38:46] crowsnest:		Size: Discrete 960x720
[11/24/24 07:38:46] crowsnest:		Interval: Discrete 0.033s (30.000 fps)
[11/24/24 07:38:46] crowsnest:		Interval: Discrete 0.040s (25.000 fps)
[11/24/24 07:38:46] crowsnest:		Interval: Discrete 0.050s (20.000 fps)
[11/24/24 07:38:46] crowsnest:		Interval: Discrete 0.067s (15.000 fps)
[11/24/24 07:38:46] crowsnest:		Interval: Discrete 0.100s (10.000 fps)
[11/24/24 07:38:46] crowsnest:		Interval: Discrete 0.200s (5.000 fps)
[11/24/24 07:38:46] crowsnest:		Size: Discrete 1024x576
[11/24/24 07:38:46] crowsnest:		Interval: Discrete 0.033s (30.000 fps)
[11/24/24 07:38:46] crowsnest:		Interval: Discrete 0.040s (25.000 fps)
[11/24/24 07:38:46] crowsnest:		Interval: Discrete 0.050s (20.000 fps)
[11/24/24 07:38:46] crowsnest:		Interval: Discrete 0.067s (15.000 fps)
[11/24/24 07:38:46] crowsnest:		Interval: Discrete 0.100s (10.000 fps)
[11/24/24 07:38:46] crowsnest:		Interval: Discrete 0.200s (5.000 fps)
[11/24/24 07:38:46] crowsnest:		Size: Discrete 1184x656
[11/24/24 07:38:46] crowsnest:		Interval: Discrete 0.033s (30.000 fps)
[11/24/24 07:38:46] crowsnest:		Interval: Discrete 0.040s (25.000 fps)
[11/24/24 07:38:46] crowsnest:		Interval: Discrete 0.050s (20.000 fps)
[11/24/24 07:38:46] crowsnest:		Interval: Discrete 0.067s (15.000 fps)
[11/24/24 07:38:46] crowsnest:		Interval: Discrete 0.100s (10.000 fps)
[11/24/24 07:38:46] crowsnest:		Interval: Discrete 0.200s (5.000 fps)
[11/24/24 07:38:46] crowsnest:		Size: Discrete 1280x720
[11/24/24 07:38:46] crowsnest:		Interval: Discrete 0.033s (30.000 fps)
[11/24/24 07:38:46] crowsnest:		Interval: Discrete 0.040s (25.000 fps)
[11/24/24 07:38:46] crowsnest:		Interval: Discrete 0.050s (20.000 fps)
[11/24/24 07:38:46] crowsnest:		Interval: Discrete 0.067s (15.000 fps)
[11/24/24 07:38:46] crowsnest:		Interval: Discrete 0.100s (10.000 fps)
[11/24/24 07:38:46] crowsnest:		Interval: Discrete 0.200s (5.000 fps)
[11/24/24 07:38:46] crowsnest:		Size: Discrete 1280x960
[11/24/24 07:38:46] crowsnest:		Interval: Discrete 0.033s (30.000 fps)
[11/24/24 07:38:46] crowsnest:		Interval: Discrete 0.040s (25.000 fps)
[11/24/24 07:38:46] crowsnest:		Interval: Discrete 0.050s (20.000 fps)
[11/24/24 07:38:46] crowsnest:		Interval: Discrete 0.067s (15.000 fps)
[11/24/24 07:38:46] crowsnest:		Interval: Discrete 0.100s (10.000 fps)
[11/24/24 07:38:46] crowsnest:		Interval: Discrete 0.200s (5.000 fps)
[11/24/24 07:38:47] crowsnest: Supported Controls:
[11/24/24 07:38:47] crowsnest:		
[11/24/24 07:38:47] crowsnest:		User Controls
[11/24/24 07:38:47] crowsnest:		
[11/24/24 07:38:47] crowsnest:		brightness 0x00980900 (int)    : min=0 max=255 step=1 default=128 value=128
[11/24/24 07:38:47] crowsnest:		contrast 0x00980901 (int)    : min=0 max=255 step=1 default=32 value=32
[11/24/24 07:38:47] crowsnest:		saturation 0x00980902 (int)    : min=0 max=255 step=1 default=32 value=32
[11/24/24 07:38:47] crowsnest:		white_balance_automatic 0x0098090c (bool)   : default=1 value=1
[11/24/24 07:38:47] crowsnest:		gain 0x00980913 (int)    : min=0 max=255 step=1 default=64 value=1
[11/24/24 07:38:47] crowsnest:		power_line_frequency 0x00980918 (menu)   : min=0 max=2 default=2 value=2
[11/24/24 07:38:47] crowsnest:		0: Disabled
[11/24/24 07:38:47] crowsnest:		1: 50 Hz
[11/24/24 07:38:47] crowsnest:		2: 60 Hz
[11/24/24 07:38:47] crowsnest:		white_balance_temperature 0x0098091a (int)    : min=0 max=10000 step=10 default=4000 value=1530 flags=inactive
[11/24/24 07:38:47] crowsnest:		sharpness 0x0098091b (int)    : min=0 max=255 step=1 default=24 value=24
[11/24/24 07:38:47] crowsnest:		backlight_compensation 0x0098091c (int)    : min=0 max=1 step=1 default=0 value=0
[11/24/24 07:38:47] crowsnest:		
[11/24/24 07:38:47] crowsnest:		Camera Controls
[11/24/24 07:38:47] crowsnest:		
[11/24/24 07:38:47] crowsnest:		auto_exposure 0x009a0901 (menu)   : min=0 max=3 default=3 value=3
[11/24/24 07:38:47] crowsnest:		1: Manual Mode
[11/24/24 07:38:47] crowsnest:		3: Aperture Priority Mode
[11/24/24 07:38:47] crowsnest:		exposure_time_absolute 0x009a0902 (int)    : min=1 max=10000 step=1 default=166 value=664 flags=inactive
[11/24/24 07:38:47] crowsnest:		exposure_dynamic_framerate 0x009a0903 (bool)   : default=0 value=1
[11/24/24 07:38:47] crowsnest: Try to start configured Cams / Services...
[11/24/24 07:38:51] crowsnest: INFO: Configuration of Section [cam 1] looks good. Continue ...
[11/24/24 07:38:53] crowsnest: V4L2 Control: No parameters set for [cam 1]. Skipped.
[11/24/24 07:38:57] crowsnest: Starting ustreamer with Device /dev/video0 ...
[11/24/24 07:38:59] crowsnest:  ... Done!
